<?xml version="1.0" encoding="UTF-8"?>
<!-- Generated by org.testng.reporters.JUnitXMLReporter -->
<testsuite ignored="2" hostname="DESKTOP-PA5U02U" failures="1" tests="8" name="Application Page Functionalities" time="152.307" errors="0" timestamp="14 Apr 2022 08:40:29 GMT">
  <testcase classname="com.test.LoginPageTest" name="validateUserInLoginPageOfCRMApplication" time="0.44"/>
  <testcase classname="com.test.HomePageTest" name="validateHomePage" time="15.118"/>
  <testcase classname="com.test.ContactsPageTest" name="validateUserOnContactsPage" time="10.622"/>
  <testcase classname="com.test.LoginPageTest" name="validateLoginPageTitle" time="0.015">
    <failure type="java.lang.AssertionError" message="expected [ CRMPRO - CRM software for customer relationship management, sales, and support.] but found [CRMPRO - CRM software for customer relationship management, sales, and support.]">
      <![CDATA[java.lang.AssertionError: expected [ CRMPRO - CRM software for customer relationship management, sales, and support.] but found [CRMPRO - CRM software for customer relationship management, sales, and support.]
at com.test.LoginPageTest.validateLoginPageTitle(LoginPageTest.java:71)
... Removed 31 stack frames]]>
    </failure>
  </testcase> <!-- validateLoginPageTitle -->
  <testcase classname="com.test.HomePageTest" name="validateClickingOnContactsLink" time="7.992"/>
  <testcase classname="com.test.ContactsPageTest" name="validateUserIsAbleToCreateANewContact" time="16.472"/>
  <testcase classname="com.test.ContactsPageTest" name="validateUserIsAbleToCreateANewContact" time="16.655"/>
  <testcase classname="com.test.LoginPageTest" name="validateUserLogin" time="8.504"/>
  <testcase classname="com.base.BaseTest" name="@BeforeSuite allureDirectoryEmpty" time="0.0">
    <ignored/>
  </testcase> <!-- @BeforeSuite allureDirectoryEmpty -->
  <testcase classname="com.base.BaseTest" name="@BeforeSuite allureDirectoryEmpty" time="0.0">
    <ignored/>
  </testcase> <!-- @BeforeSuite allureDirectoryEmpty -->
</testsuite> <!-- Application Page Functionalities -->
