<?xml version="1.0" encoding="UTF-8"?>
<testsuite xmlns:xsi="http://www.w3.org/2001/XMLSchema-instance" xsi:noNamespaceSchemaLocation="https://maven.apache.org/surefire/maven-surefire-plugin/xsd/surefire-test-report-3.0.xsd" version="3.0" name="TestSuite" time="272.014" tests="8" errors="0" skipped="0" failures="6">
  <properties>
[...]
</properties>
  <testcase name="validateUserInLoginPageOfCRMApplication" classname="com.test.LoginPageTest" time="0.615">
    <system-err><![CDATA[SLF4J: Failed to load class "org.slf4j.impl.StaticLoggerBinder".
SLF4J: Defaulting to no-operation (NOP) logger implementation
SLF4J: See http://www.slf4j.org/codes.html#StaticLoggerBinder for further details.
[DelegatingClassLoader@7da39774] error at io\qameta\allure\aspects\StepsAspects.java::0 the @annotation pointcut expression is only supported at Java 5 compliance level or above
[DelegatingClassLoader@7da39774] error at io\qameta\allure\aspects\AttachmentsAspects.java::0 the @annotation pointcut expression is only supported at Java 5 compliance level or above
[DelegatingClassLoader@78545d40] error at io\qameta\allure\aspects\StepsAspects.java::0 the @annotation pointcut expression is only supported at Java 5 compliance level or above
[DelegatingClassLoader@78545d40] error at io\qameta\allure\aspects\AttachmentsAspects.java::0 the @annotation pointcut expression is only supported at Java 5 compliance level or above
[DelegatingClassLoader@2b936b04] error at io\qameta\allure\aspects\StepsAspects.java::0 the @annotation pointcut expression is only supported at Java 5 compliance level or above
[DelegatingClassLoader@2b936b04] error at io\qameta\allure\aspects\AttachmentsAspects.java::0 the @annotation pointcut expression is only supported at Java 5 compliance level or above
[DelegatingClassLoader@3b9c9b8b] error at io\qameta\allure\aspects\StepsAspects.java::0 the @annotation pointcut expression is only supported at Java 5 compliance level or above
[DelegatingClassLoader@3b9c9b8b] error at io\qameta\allure\aspects\AttachmentsAspects.java::0 the @annotation pointcut expression is only supported at Java 5 compliance level or above
[DelegatingClassLoader@44a14de0] error at io\qameta\allure\aspects\StepsAspects.java::0 the @annotation pointcut expression is only supported at Java 5 compliance level or above
[DelegatingClassLoader@44a14de0] error at io\qameta\allure\aspects\AttachmentsAspects.java::0 the @annotation pointcut expression is only supported at Java 5 compliance level or above
Starting ChromeDriver 99.0.4844.51 (d537ec02474b5afe23684e7963d538896c63ac77-refs/branch-heads/4844@{#875}) on port 49874
Only local connections are allowed.
Please see https://chromedriver.chromium.org/security-considerations for suggestions on keeping ChromeDriver safe.
ChromeDriver was started successfully.
Mar 30, 2022 4:22:59 PM org.openqa.selenium.remote.ProtocolHandshake createSession
INFO: Detected dialect: W3C
[DelegatingClassLoader@222e1e67] error at io\qameta\allure\aspects\StepsAspects.java::0 the @annotation pointcut expression is only supported at Java 5 compliance level or above
[DelegatingClassLoader@222e1e67] error at io\qameta\allure\aspects\AttachmentsAspects.java::0 the @annotation pointcut expression is only supported at Java 5 compliance level or above
Mar 30, 2022 4:23:00 PM org.openqa.selenium.devtools.CdpVersionFinder findNearestMatch
WARNING: Unable to find an exact match for CDP version 99, so returning the closest version found: 95
Mar 30, 2022 4:23:00 PM org.openqa.selenium.devtools.CdpVersionFinder findNearestMatch
INFO: Found CDP implementation for version 99 of 95
[DelegatingClassLoader@be9cc86] error at io\qameta\allure\aspects\StepsAspects.java::0 the @annotation pointcut expression is only supported at Java 5 compliance level or above
[DelegatingClassLoader@be9cc86] error at io\qameta\allure\aspects\AttachmentsAspects.java::0 the @annotation pointcut expression is only supported at Java 5 compliance level or above
]]></system-err>
  </testcase>
  <testcase name="validateLoginPageTitle" classname="com.test.LoginPageTest" time="0.038">
    <failure message="expected [ CRMPRO - CRM software for customer relationship management, sales, and support.] but found [CRMPRO - CRM software for customer relationship management, sales, and support.]" type="java.lang.AssertionError"><![CDATA[java.lang.AssertionError: expected [ CRMPRO - CRM software for customer relationship management, sales, and support.] but found [CRMPRO - CRM software for customer relationship management, sales, and support.]
	at com.test.LoginPageTest.validateLoginPageTitle(LoginPageTest.java:71)
]]></failure>
    <system-err><![CDATA[Starting ChromeDriver 99.0.4844.51 (d537ec02474b5afe23684e7963d538896c63ac77-refs/branch-heads/4844@{#875}) on port 60571
Only local connections are allowed.
Please see https://chromedriver.chromium.org/security-considerations for suggestions on keeping ChromeDriver safe.
ChromeDriver was started successfully.
Mar 30, 2022 4:24:08 PM org.openqa.selenium.remote.ProtocolHandshake createSession
INFO: Detected dialect: W3C
Mar 30, 2022 4:24:08 PM org.openqa.selenium.devtools.CdpVersionFinder findNearestMatch
WARNING: Unable to find an exact match for CDP version 99, so returning the closest version found: 95
Mar 30, 2022 4:24:08 PM org.openqa.selenium.devtools.CdpVersionFinder findNearestMatch
INFO: Found CDP implementation for version 99 of 95
]]></system-err>
  </testcase>
  <testcase name="validateUserLogin" classname="com.test.LoginPageTest" time="25.641">
    <failure type="java.lang.NullPointerException"><![CDATA[java.lang.NullPointerException
	at com.test.LoginPageTest.validateUserLogin(LoginPageTest.java:82)
]]></failure>
    <system-err><![CDATA[[DelegatingClassLoader@7db53694] error at io\qameta\allure\aspects\StepsAspects.java::0 the @annotation pointcut expression is only supported at Java 5 compliance level or above
[DelegatingClassLoader@7db53694] error at io\qameta\allure\aspects\AttachmentsAspects.java::0 the @annotation pointcut expression is only supported at Java 5 compliance level or above
[DelegatingClassLoader@5453b15d] error at io\qameta\allure\aspects\StepsAspects.java::0 the @annotation pointcut expression is only supported at Java 5 compliance level or above
[DelegatingClassLoader@5453b15d] error at io\qameta\allure\aspects\AttachmentsAspects.java::0 the @annotation pointcut expression is only supported at Java 5 compliance level or above
Starting ChromeDriver 99.0.4844.51 (d537ec02474b5afe23684e7963d538896c63ac77-refs/branch-heads/4844@{#875}) on port 50405
Only local connections are allowed.
Please see https://chromedriver.chromium.org/security-considerations for suggestions on keeping ChromeDriver safe.
ChromeDriver was started successfully.
Mar 30, 2022 4:26:27 PM org.openqa.selenium.remote.ProtocolHandshake createSession
INFO: Detected dialect: W3C
Mar 30, 2022 4:26:27 PM org.openqa.selenium.devtools.CdpVersionFinder findNearestMatch
WARNING: Unable to find an exact match for CDP version 99, so returning the closest version found: 95
Mar 30, 2022 4:26:27 PM org.openqa.selenium.devtools.CdpVersionFinder findNearestMatch
INFO: Found CDP implementation for version 99 of 95
org.openqa.selenium.NoSuchElementException: no such element: Unable to locate element: {"method":"xpath","selector":"//*[@name='email']"}
  (Session info: chrome=99.0.4844.82)
For documentation on this error, please visit: https://selenium.dev/exceptions/#no_such_element
Build info: version: '4.0.0', revision: '3a21814679'
System info: host: 'DESKTOP-PA5U02U', ip: '172.23.80.1', os.name: 'Windows 10', os.arch: 'amd64', os.version: '10.0', java.version: '12'
Driver info: org.openqa.selenium.chrome.ChromeDriver
Command: [bc11c63682bb6479972eda5e26a2c8e1, findElement {using=xpath, value=//*[@name='email']}]
Capabilities {acceptInsecureCerts: false, browserName: chrome, browserVersion: 99.0.4844.82, chrome: {chromedriverVersion: 99.0.4844.51 (d537ec02474b5..., userDataDir: C:\Users\Chitu\AppData\Loca...}, goog:chromeOptions: {debuggerAddress: localhost:62817}, javascriptEnabled: true, networkConnectionEnabled: false, pageLoadStrategy: normal, platform: WINDOWS, platformName: WINDOWS, proxy: Proxy(), se:cdp: ws://localhost:62817/devtoo..., se:cdpVersion: 99.0.4844.82, setWindowRect: true, strictFileInteractability: false, timeouts: {implicit: 0, pageLoad: 300000, script: 30000}, unhandledPromptBehavior: dismiss and notify, webauthn:extension:credBlob: true, webauthn:extension:largeBlob: true, webauthn:virtualAuthenticators: true}
Session ID: bc11c63682bb6479972eda5e26a2c8e1
	at java.base/jdk.internal.reflect.NativeConstructorAccessorImpl.newInstance0(Native Method)
	at java.base/jdk.internal.reflect.NativeConstructorAccessorImpl.newInstance(NativeConstructorAccessorImpl.java:62)
	at java.base/jdk.internal.reflect.DelegatingConstructorAccessorImpl.newInstance(DelegatingConstructorAccessorImpl.java:45)
	at java.base/java.lang.reflect.Constructor.newInstanceWithCaller(Constructor.java:500)
	at java.base/java.lang.reflect.Constructor.newInstance(Constructor.java:481)
	at org.openqa.selenium.remote.codec.w3c.W3CHttpResponseCodec.createException(W3CHttpResponseCodec.java:200)
	at org.openqa.selenium.remote.codec.w3c.W3CHttpResponseCodec.decode(W3CHttpResponseCodec.java:133)
	at org.openqa.selenium.remote.codec.w3c.W3CHttpResponseCodec.decode(W3CHttpResponseCodec.java:53)
	at org.openqa.selenium.remote.HttpCommandExecutor.execute(HttpCommandExecutor.java:184)
	at org.openqa.selenium.remote.service.DriverCommandExecutor.invokeExecute(DriverCommandExecutor.java:164)
	at org.openqa.selenium.remote.service.DriverCommandExecutor.execute(DriverCommandExecutor.java:139)
	at org.openqa.selenium.remote.RemoteWebDriver.execute(RemoteWebDriver.java:559)
	at org.openqa.selenium.remote.ElementLocation$ElementFinder$2.findElement(ElementLocation.java:162)
	at org.openqa.selenium.remote.ElementLocation.findElement(ElementLocation.java:60)
	at org.openqa.selenium.remote.RemoteWebDriver.findElement(RemoteWebDriver.java:383)
	at org.openqa.selenium.remote.RemoteWebDriver.findElement(RemoteWebDriver.java:375)
	at com.base.BasePage.getElement(BasePage.java:26)
	at com.pages.LoginPage.getUsername(LoginPage.java:67)
	at com.pages.LoginPage.login(LoginPage.java:145)
	at com.test.LoginPageTest.validateUserLogin(LoginPageTest.java:82)
	at java.base/jdk.internal.reflect.NativeMethodAccessorImpl.invoke0(Native Method)
	at java.base/jdk.internal.reflect.NativeMethodAccessorImpl.invoke(NativeMethodAccessorImpl.java:62)
	at java.base/jdk.internal.reflect.DelegatingMethodAccessorImpl.invoke(DelegatingMethodAccessorImpl.java:43)
	at java.base/java.lang.reflect.Method.invoke(Method.java:567)
	at org.testng.internal.MethodInvocationHelper.invokeMethod(MethodInvocationHelper.java:124)
	at org.testng.internal.Invoker.invokeMethod(Invoker.java:583)
	at org.testng.internal.Invoker.invokeTestMethod(Invoker.java:719)
	at org.testng.internal.Invoker.invokeTestMethods(Invoker.java:989)
	at org.testng.internal.TestMethodWorker.invokeTestMethods(TestMethodWorker.java:125)
	at org.testng.internal.TestMethodWorker.run(TestMethodWorker.java:109)
	at org.testng.TestRunner.privateRun(TestRunner.java:648)
	at org.testng.TestRunner.run(TestRunner.java:505)
	at org.testng.SuiteRunner.runTest(SuiteRunner.java:455)
	at org.testng.SuiteRunner.runSequentially(SuiteRunner.java:450)
	at org.testng.SuiteRunner.privateRun(SuiteRunner.java:415)
	at org.testng.SuiteRunner.run(SuiteRunner.java:364)
	at org.testng.SuiteRunnerWorker.runSuite(SuiteRunnerWorker.java:52)
	at org.testng.SuiteRunnerWorker.run(SuiteRunnerWorker.java:84)
	at org.testng.TestNG.runSuitesSequentially(TestNG.java:1208)
	at org.testng.TestNG.runSuitesLocally(TestNG.java:1137)
	at org.testng.TestNG.runSuites(TestNG.java:1049)
	at org.testng.TestNG.run(TestNG.java:1017)
	at org.apache.maven.surefire.testng.TestNGExecutor.run(TestNGExecutor.java:284)
	at org.apache.maven.surefire.testng.TestNGXmlTestSuite.execute(TestNGXmlTestSuite.java:75)
	at org.apache.maven.surefire.testng.TestNGProvider.invoke(TestNGProvider.java:119)
	at org.apache.maven.surefire.booter.ForkedBooter.runSuitesInProcess(ForkedBooter.java:428)
	at org.apache.maven.surefire.booter.ForkedBooter.execute(ForkedBooter.java:162)
	at org.apache.maven.surefire.booter.ForkedBooter.run(ForkedBooter.java:562)
	at org.apache.maven.surefire.booter.ForkedBooter.main(ForkedBooter.java:548)
]]></system-err>
  </testcase>
  <testcase name="validateHomePage" classname="com.test.HomePageTest" time="26.098">
    <failure type="java.lang.NullPointerException"><![CDATA[java.lang.NullPointerException
	at com.test.HomePageTest.validateHomePage(HomePageTest.java:47)
]]></failure>
    <system-err><![CDATA[Starting ChromeDriver 99.0.4844.51 (d537ec02474b5afe23684e7963d538896c63ac77-refs/branch-heads/4844@{#875}) on port 55816
Only local connections are allowed.
Please see https://chromedriver.chromium.org/security-considerations for suggestions on keeping ChromeDriver safe.
ChromeDriver was started successfully.
Mar 30, 2022 4:23:12 PM org.openqa.selenium.remote.ProtocolHandshake createSession
INFO: Detected dialect: W3C
Mar 30, 2022 4:23:12 PM org.openqa.selenium.devtools.CdpVersionFinder findNearestMatch
WARNING: Unable to find an exact match for CDP version 99, so returning the closest version found: 95
Mar 30, 2022 4:23:12 PM org.openqa.selenium.devtools.CdpVersionFinder findNearestMatch
INFO: Found CDP implementation for version 99 of 95
org.openqa.selenium.NoSuchElementException: no such element: Unable to locate element: {"method":"xpath","selector":"//*[@name='email']"}
  (Session info: chrome=99.0.4844.82)
For documentation on this error, please visit: https://selenium.dev/exceptions/#no_such_element
Build info: version: '4.0.0', revision: '3a21814679'
System info: host: 'DESKTOP-PA5U02U', ip: '172.23.80.1', os.name: 'Windows 10', os.arch: 'amd64', os.version: '10.0', java.version: '12'
Driver info: org.openqa.selenium.chrome.ChromeDriver
Command: [7f45be11d3104483b7e434e394cd74aa, findElement {using=xpath, value=//*[@name='email']}]
Capabilities {acceptInsecureCerts: false, browserName: chrome, browserVersion: 99.0.4844.82, chrome: {chromedriverVersion: 99.0.4844.51 (d537ec02474b5..., userDataDir: C:\Users\Chitu\AppData\Loca...}, goog:chromeOptions: {debuggerAddress: localhost:62529}, javascriptEnabled: true, networkConnectionEnabled: false, pageLoadStrategy: normal, platform: WINDOWS, platformName: WINDOWS, proxy: Proxy(), se:cdp: ws://localhost:62529/devtoo..., se:cdpVersion: 99.0.4844.82, setWindowRect: true, strictFileInteractability: false, timeouts: {implicit: 0, pageLoad: 300000, script: 30000}, unhandledPromptBehavior: dismiss and notify, webauthn:extension:credBlob: true, webauthn:extension:largeBlob: true, webauthn:virtualAuthenticators: true}
Session ID: 7f45be11d3104483b7e434e394cd74aa
	at java.base/jdk.internal.reflect.NativeConstructorAccessorImpl.newInstance0(Native Method)
	at java.base/jdk.internal.reflect.NativeConstructorAccessorImpl.newInstance(NativeConstructorAccessorImpl.java:62)
	at java.base/jdk.internal.reflect.DelegatingConstructorAccessorImpl.newInstance(DelegatingConstructorAccessorImpl.java:45)
	at java.base/java.lang.reflect.Constructor.newInstanceWithCaller(Constructor.java:500)
	at java.base/java.lang.reflect.Constructor.newInstance(Constructor.java:481)
	at org.openqa.selenium.remote.codec.w3c.W3CHttpResponseCodec.createException(W3CHttpResponseCodec.java:200)
	at org.openqa.selenium.remote.codec.w3c.W3CHttpResponseCodec.decode(W3CHttpResponseCodec.java:133)
	at org.openqa.selenium.remote.codec.w3c.W3CHttpResponseCodec.decode(W3CHttpResponseCodec.java:53)
	at org.openqa.selenium.remote.HttpCommandExecutor.execute(HttpCommandExecutor.java:184)
	at org.openqa.selenium.remote.service.DriverCommandExecutor.invokeExecute(DriverCommandExecutor.java:164)
	at org.openqa.selenium.remote.service.DriverCommandExecutor.execute(DriverCommandExecutor.java:139)
	at org.openqa.selenium.remote.RemoteWebDriver.execute(RemoteWebDriver.java:559)
	at org.openqa.selenium.remote.ElementLocation$ElementFinder$2.findElement(ElementLocation.java:162)
	at org.openqa.selenium.remote.ElementLocation.findElement(ElementLocation.java:60)
	at org.openqa.selenium.remote.RemoteWebDriver.findElement(RemoteWebDriver.java:383)
	at org.openqa.selenium.remote.RemoteWebDriver.findElement(RemoteWebDriver.java:375)
	at com.base.BasePage.getElement(BasePage.java:26)
	at com.pages.LoginPage.getUsername(LoginPage.java:67)
	at com.pages.LoginPage.login(LoginPage.java:145)
	at com.test.HomePageTest.validateHomePage(HomePageTest.java:47)
	at java.base/jdk.internal.reflect.NativeMethodAccessorImpl.invoke0(Native Method)
	at java.base/jdk.internal.reflect.NativeMethodAccessorImpl.invoke(NativeMethodAccessorImpl.java:62)
	at java.base/jdk.internal.reflect.DelegatingMethodAccessorImpl.invoke(DelegatingMethodAccessorImpl.java:43)
	at java.base/java.lang.reflect.Method.invoke(Method.java:567)
	at org.testng.internal.MethodInvocationHelper.invokeMethod(MethodInvocationHelper.java:124)
	at org.testng.internal.Invoker.invokeMethod(Invoker.java:583)
	at org.testng.internal.Invoker.invokeTestMethod(Invoker.java:719)
	at org.testng.internal.Invoker.invokeTestMethods(Invoker.java:989)
	at org.testng.internal.TestMethodWorker.invokeTestMethods(TestMethodWorker.java:125)
	at org.testng.internal.TestMethodWorker.run(TestMethodWorker.java:109)
	at org.testng.TestRunner.privateRun(TestRunner.java:648)
	at org.testng.TestRunner.run(TestRunner.java:505)
	at org.testng.SuiteRunner.runTest(SuiteRunner.java:455)
	at org.testng.SuiteRunner.runSequentially(SuiteRunner.java:450)
	at org.testng.SuiteRunner.privateRun(SuiteRunner.java:415)
	at org.testng.SuiteRunner.run(SuiteRunner.java:364)
	at org.testng.SuiteRunnerWorker.runSuite(SuiteRunnerWorker.java:52)
	at org.testng.SuiteRunnerWorker.run(SuiteRunnerWorker.java:84)
	at org.testng.TestNG.runSuitesSequentially(TestNG.java:1208)
	at org.testng.TestNG.runSuitesLocally(TestNG.java:1137)
	at org.testng.TestNG.runSuites(TestNG.java:1049)
	at org.testng.TestNG.run(TestNG.java:1017)
	at org.apache.maven.surefire.testng.TestNGExecutor.run(TestNGExecutor.java:284)
	at org.apache.maven.surefire.testng.TestNGXmlTestSuite.execute(TestNGXmlTestSuite.java:75)
	at org.apache.maven.surefire.testng.TestNGProvider.invoke(TestNGProvider.java:119)
	at org.apache.maven.surefire.booter.ForkedBooter.runSuitesInProcess(ForkedBooter.java:428)
	at org.apache.maven.surefire.booter.ForkedBooter.execute(ForkedBooter.java:162)
	at org.apache.maven.surefire.booter.ForkedBooter.run(ForkedBooter.java:562)
	at org.apache.maven.surefire.booter.ForkedBooter.main(ForkedBooter.java:548)
]]></system-err>
  </testcase>
  <testcase name="validateClickingOnContactsLink" classname="com.test.HomePageTest" time="49.802">
    <failure message="Must provide a location for a move action." type="java.lang.IllegalArgumentException"><![CDATA[java.lang.IllegalArgumentException: Must provide a location for a move action.
	at com.test.HomePageTest.validateClickingOnContactsLink(HomePageTest.java:62)
]]></failure>
    <system-err><![CDATA[[DelegatingClassLoader@27d44578] error at io\qameta\allure\aspects\StepsAspects.java::0 the @annotation pointcut expression is only supported at Java 5 compliance level or above
[DelegatingClassLoader@27d44578] error at io\qameta\allure\aspects\AttachmentsAspects.java::0 the @annotation pointcut expression is only supported at Java 5 compliance level or above
[DelegatingClassLoader@9120cb5] error at io\qameta\allure\aspects\StepsAspects.java::0 the @annotation pointcut expression is only supported at Java 5 compliance level or above
[DelegatingClassLoader@9120cb5] error at io\qameta\allure\aspects\AttachmentsAspects.java::0 the @annotation pointcut expression is only supported at Java 5 compliance level or above
[DelegatingClassLoader@1a916120] error at io\qameta\allure\aspects\StepsAspects.java::0 the @annotation pointcut expression is only supported at Java 5 compliance level or above
[DelegatingClassLoader@1a916120] error at io\qameta\allure\aspects\AttachmentsAspects.java::0 the @annotation pointcut expression is only supported at Java 5 compliance level or above
[DelegatingClassLoader@1299fed3] error at io\qameta\allure\aspects\StepsAspects.java::0 the @annotation pointcut expression is only supported at Java 5 compliance level or above
[DelegatingClassLoader@1299fed3] error at io\qameta\allure\aspects\AttachmentsAspects.java::0 the @annotation pointcut expression is only supported at Java 5 compliance level or above
[DelegatingClassLoader@157267db] error at io\qameta\allure\aspects\StepsAspects.java::0 the @annotation pointcut expression is only supported at Java 5 compliance level or above
[DelegatingClassLoader@157267db] error at io\qameta\allure\aspects\AttachmentsAspects.java::0 the @annotation pointcut expression is only supported at Java 5 compliance level or above
[DelegatingClassLoader@3b3dc752] error at io\qameta\allure\aspects\StepsAspects.java::0 the @annotation pointcut expression is only supported at Java 5 compliance level or above
[DelegatingClassLoader@3b3dc752] error at io\qameta\allure\aspects\AttachmentsAspects.java::0 the @annotation pointcut expression is only supported at Java 5 compliance level or above
[DelegatingClassLoader@7fb2645b] error at io\qameta\allure\aspects\StepsAspects.java::0 the @annotation pointcut expression is only supported at Java 5 compliance level or above
[DelegatingClassLoader@7fb2645b] error at io\qameta\allure\aspects\AttachmentsAspects.java::0 the @annotation pointcut expression is only supported at Java 5 compliance level or above
[DelegatingClassLoader@17d837ab] error at io\qameta\allure\aspects\StepsAspects.java::0 the @annotation pointcut expression is only supported at Java 5 compliance level or above
[DelegatingClassLoader@17d837ab] error at io\qameta\allure\aspects\AttachmentsAspects.java::0 the @annotation pointcut expression is only supported at Java 5 compliance level or above
[DelegatingClassLoader@16b713dd] error at io\qameta\allure\aspects\StepsAspects.java::0 the @annotation pointcut expression is only supported at Java 5 compliance level or above
[DelegatingClassLoader@16b713dd] error at io\qameta\allure\aspects\AttachmentsAspects.java::0 the @annotation pointcut expression is only supported at Java 5 compliance level or above
[DelegatingClassLoader@25031fd4] error at io\qameta\allure\aspects\StepsAspects.java::0 the @annotation pointcut expression is only supported at Java 5 compliance level or above
[DelegatingClassLoader@25031fd4] error at io\qameta\allure\aspects\AttachmentsAspects.java::0 the @annotation pointcut expression is only supported at Java 5 compliance level or above
[DelegatingClassLoader@c10f7a8] error at io\qameta\allure\aspects\StepsAspects.java::0 the @annotation pointcut expression is only supported at Java 5 compliance level or above
[DelegatingClassLoader@c10f7a8] error at io\qameta\allure\aspects\AttachmentsAspects.java::0 the @annotation pointcut expression is only supported at Java 5 compliance level or above
[DelegatingClassLoader@4cc4f6bd] error at io\qameta\allure\aspects\StepsAspects.java::0 the @annotation pointcut expression is only supported at Java 5 compliance level or above
[DelegatingClassLoader@4cc4f6bd] error at io\qameta\allure\aspects\AttachmentsAspects.java::0 the @annotation pointcut expression is only supported at Java 5 compliance level or above
[DelegatingClassLoader@19439ec4] error at io\qameta\allure\aspects\StepsAspects.java::0 the @annotation pointcut expression is only supported at Java 5 compliance level or above
[DelegatingClassLoader@19439ec4] error at io\qameta\allure\aspects\AttachmentsAspects.java::0 the @annotation pointcut expression is only supported at Java 5 compliance level or above
Starting ChromeDriver 99.0.4844.51 (d537ec02474b5afe23684e7963d538896c63ac77-refs/branch-heads/4844@{#875}) on port 57012
Only local connections are allowed.
Please see https://chromedriver.chromium.org/security-considerations for suggestions on keeping ChromeDriver safe.
ChromeDriver was started successfully.
Mar 30, 2022 4:24:18 PM org.openqa.selenium.remote.ProtocolHandshake createSession
INFO: Detected dialect: W3C
Mar 30, 2022 4:24:18 PM org.openqa.selenium.devtools.CdpVersionFinder findNearestMatch
WARNING: Unable to find an exact match for CDP version 99, so returning the closest version found: 95
Mar 30, 2022 4:24:18 PM org.openqa.selenium.devtools.CdpVersionFinder findNearestMatch
INFO: Found CDP implementation for version 99 of 95
org.openqa.selenium.TimeoutException: Expected condition failed: waiting for visibility of element located by By.xpath: //*[@class='users icon'] (tried for 10 second(s) with 500 milliseconds interval)
Build info: version: '4.0.0', revision: '3a21814679'
System info: host: 'DESKTOP-PA5U02U', ip: '172.23.80.1', os.name: 'Windows 10', os.arch: 'amd64', os.version: '10.0', java.version: '12'
Driver info: org.openqa.selenium.chrome.ChromeDriver
Capabilities {acceptInsecureCerts: false, browserName: chrome, browserVersion: 99.0.4844.82, chrome: {chromedriverVersion: 99.0.4844.51 (d537ec02474b5..., userDataDir: C:\Users\Chitu\AppData\Loca...}, goog:chromeOptions: {debuggerAddress: localhost:62662}, javascriptEnabled: true, networkConnectionEnabled: false, pageLoadStrategy: normal, platform: WINDOWS, platformName: WINDOWS, proxy: Proxy(), se:cdp: ws://localhost:62662/devtoo..., se:cdpVersion: 99.0.4844.82, setWindowRect: true, strictFileInteractability: false, timeouts: {implicit: 0, pageLoad: 300000, script: 30000}, unhandledPromptBehavior: dismiss and notify, webauthn:extension:credBlob: true, webauthn:extension:largeBlob: true, webauthn:virtualAuthenticators: true}
Session ID: 68f07da00a5d69ff8d1a190d4a99a04e
	at org.openqa.selenium.support.ui.WebDriverWait.timeoutException(WebDriverWait.java:138)
	at org.openqa.selenium.support.ui.FluentWait.until(FluentWait.java:231)
	at com.base.BasePage.waitForElement(BasePage.java:40)
	at com.pages.HomePage.clickOnContactsLink(HomePage.java:87)
	at com.test.HomePageTest.validateClickingOnContactsLink(HomePageTest.java:62)
	at java.base/jdk.internal.reflect.NativeMethodAccessorImpl.invoke0(Native Method)
	at java.base/jdk.internal.reflect.NativeMethodAccessorImpl.invoke(NativeMethodAccessorImpl.java:62)
	at java.base/jdk.internal.reflect.DelegatingMethodAccessorImpl.invoke(DelegatingMethodAccessorImpl.java:43)
	at java.base/java.lang.reflect.Method.invoke(Method.java:567)
	at org.testng.internal.MethodInvocationHelper.invokeMethod(MethodInvocationHelper.java:124)
	at org.testng.internal.Invoker.invokeMethod(Invoker.java:583)
	at org.testng.internal.Invoker.invokeTestMethod(Invoker.java:719)
	at org.testng.internal.Invoker.invokeTestMethods(Invoker.java:989)
	at org.testng.internal.TestMethodWorker.invokeTestMethods(TestMethodWorker.java:125)
	at org.testng.internal.TestMethodWorker.run(TestMethodWorker.java:109)
	at org.testng.TestRunner.privateRun(TestRunner.java:648)
	at org.testng.TestRunner.run(TestRunner.java:505)
	at org.testng.SuiteRunner.runTest(SuiteRunner.java:455)
	at org.testng.SuiteRunner.runSequentially(SuiteRunner.java:450)
	at org.testng.SuiteRunner.privateRun(SuiteRunner.java:415)
	at org.testng.SuiteRunner.run(SuiteRunner.java:364)
	at org.testng.SuiteRunnerWorker.runSuite(SuiteRunnerWorker.java:52)
	at org.testng.SuiteRunnerWorker.run(SuiteRunnerWorker.java:84)
	at org.testng.TestNG.runSuitesSequentially(TestNG.java:1208)
	at org.testng.TestNG.runSuitesLocally(TestNG.java:1137)
	at org.testng.TestNG.runSuites(TestNG.java:1049)
	at org.testng.TestNG.run(TestNG.java:1017)
	at org.apache.maven.surefire.testng.TestNGExecutor.run(TestNGExecutor.java:284)
	at org.apache.maven.surefire.testng.TestNGXmlTestSuite.execute(TestNGXmlTestSuite.java:75)
	at org.apache.maven.surefire.testng.TestNGProvider.invoke(TestNGProvider.java:119)
	at org.apache.maven.surefire.booter.ForkedBooter.runSuitesInProcess(ForkedBooter.java:428)
	at org.apache.maven.surefire.booter.ForkedBooter.execute(ForkedBooter.java:162)
	at org.apache.maven.surefire.booter.ForkedBooter.run(ForkedBooter.java:562)
	at org.apache.maven.surefire.booter.ForkedBooter.main(ForkedBooter.java:548)
org.openqa.selenium.NoSuchElementException: no such element: Unable to locate element: {"method":"xpath","selector":"//*[@class='users icon']"}
  (Session info: chrome=99.0.4844.82)
For documentation on this error, please visit: https://selenium.dev/exceptions/#no_such_element
Build info: version: '4.0.0', revision: '3a21814679'
System info: host: 'DESKTOP-PA5U02U', ip: '172.23.80.1', os.name: 'Windows 10', os.arch: 'amd64', os.version: '10.0', java.version: '12'
Driver info: org.openqa.selenium.chrome.ChromeDriver
Command: [68f07da00a5d69ff8d1a190d4a99a04e, findElement {using=xpath, value=//*[@class='users icon']}]
Capabilities {acceptInsecureCerts: false, browserName: chrome, browserVersion: 99.0.4844.82, chrome: {chromedriverVersion: 99.0.4844.51 (d537ec02474b5..., userDataDir: C:\Users\Chitu\AppData\Loca...}, goog:chromeOptions: {debuggerAddress: localhost:62662}, javascriptEnabled: true, networkConnectionEnabled: false, pageLoadStrategy: normal, platform: WINDOWS, platformName: WINDOWS, proxy: Proxy(), se:cdp: ws://localhost:62662/devtoo..., se:cdpVersion: 99.0.4844.82, setWindowRect: true, strictFileInteractability: false, timeouts: {implicit: 0, pageLoad: 300000, script: 30000}, unhandledPromptBehavior: dismiss and notify, webauthn:extension:credBlob: true, webauthn:extension:largeBlob: true, webauthn:virtualAuthenticators: true}
Session ID: 68f07da00a5d69ff8d1a190d4a99a04e
	at java.base/jdk.internal.reflect.NativeConstructorAccessorImpl.newInstance0(Native Method)
	at java.base/jdk.internal.reflect.NativeConstructorAccessorImpl.newInstance(NativeConstructorAccessorImpl.java:62)
	at java.base/jdk.internal.reflect.DelegatingConstructorAccessorImpl.newInstance(DelegatingConstructorAccessorImpl.java:45)
	at java.base/java.lang.reflect.Constructor.newInstanceWithCaller(Constructor.java:500)
	at java.base/java.lang.reflect.Constructor.newInstance(Constructor.java:481)
	at org.openqa.selenium.remote.codec.w3c.W3CHttpResponseCodec.createException(W3CHttpResponseCodec.java:200)
	at org.openqa.selenium.remote.codec.w3c.W3CHttpResponseCodec.decode(W3CHttpResponseCodec.java:133)
	at org.openqa.selenium.remote.codec.w3c.W3CHttpResponseCodec.decode(W3CHttpResponseCodec.java:53)
	at org.openqa.selenium.remote.HttpCommandExecutor.execute(HttpCommandExecutor.java:184)
	at org.openqa.selenium.remote.service.DriverCommandExecutor.invokeExecute(DriverCommandExecutor.java:164)
	at org.openqa.selenium.remote.service.DriverCommandExecutor.execute(DriverCommandExecutor.java:139)
	at org.openqa.selenium.remote.RemoteWebDriver.execute(RemoteWebDriver.java:559)
	at org.openqa.selenium.remote.ElementLocation$ElementFinder$2.findElement(ElementLocation.java:162)
	at org.openqa.selenium.remote.ElementLocation.findElement(ElementLocation.java:60)
	at org.openqa.selenium.remote.RemoteWebDriver.findElement(RemoteWebDriver.java:383)
	at org.openqa.selenium.remote.RemoteWebDriver.findElement(RemoteWebDriver.java:375)
	at com.base.BasePage.getElement(BasePage.java:26)
	at com.pages.HomePage.clickOnContactsLink(HomePage.java:89)
	at com.test.HomePageTest.validateClickingOnContactsLink(HomePageTest.java:62)
	at java.base/jdk.internal.reflect.NativeMethodAccessorImpl.invoke0(Native Method)
	at java.base/jdk.internal.reflect.NativeMethodAccessorImpl.invoke(NativeMethodAccessorImpl.java:62)
	at java.base/jdk.internal.reflect.DelegatingMethodAccessorImpl.invoke(DelegatingMethodAccessorImpl.java:43)
	at java.base/java.lang.reflect.Method.invoke(Method.java:567)
	at org.testng.internal.MethodInvocationHelper.invokeMethod(MethodInvocationHelper.java:124)
	at org.testng.internal.Invoker.invokeMethod(Invoker.java:583)
	at org.testng.internal.Invoker.invokeTestMethod(Invoker.java:719)
	at org.testng.internal.Invoker.invokeTestMethods(Invoker.java:989)
	at org.testng.internal.TestMethodWorker.invokeTestMethods(TestMethodWorker.java:125)
	at org.testng.internal.TestMethodWorker.run(TestMethodWorker.java:109)
	at org.testng.TestRunner.privateRun(TestRunner.java:648)
	at org.testng.TestRunner.run(TestRunner.java:505)
	at org.testng.SuiteRunner.runTest(SuiteRunner.java:455)
	at org.testng.SuiteRunner.runSequentially(SuiteRunner.java:450)
	at org.testng.SuiteRunner.privateRun(SuiteRunner.java:415)
	at org.testng.SuiteRunner.run(SuiteRunner.java:364)
	at org.testng.SuiteRunnerWorker.runSuite(SuiteRunnerWorker.java:52)
	at org.testng.SuiteRunnerWorker.run(SuiteRunnerWorker.java:84)
	at org.testng.TestNG.runSuitesSequentially(TestNG.java:1208)
	at org.testng.TestNG.runSuitesLocally(TestNG.java:1137)
	at org.testng.TestNG.runSuites(TestNG.java:1049)
	at org.testng.TestNG.run(TestNG.java:1017)
	at org.apache.maven.surefire.testng.TestNGExecutor.run(TestNGExecutor.java:284)
	at org.apache.maven.surefire.testng.TestNGXmlTestSuite.execute(TestNGXmlTestSuite.java:75)
	at org.apache.maven.surefire.testng.TestNGProvider.invoke(TestNGProvider.java:119)
	at org.apache.maven.surefire.booter.ForkedBooter.runSuitesInProcess(ForkedBooter.java:428)
	at org.apache.maven.surefire.booter.ForkedBooter.execute(ForkedBooter.java:162)
	at org.apache.maven.surefire.booter.ForkedBooter.run(ForkedBooter.java:562)
	at org.apache.maven.surefire.booter.ForkedBooter.main(ForkedBooter.java:548)
]]></system-err>
  </testcase>
  <testcase name="validateUserOnContactsPage" classname="com.test.ContactsPageTest" time="11.279">
    <system-err><![CDATA[[DelegatingClassLoader@7ec176da] error at io\qameta\allure\aspects\StepsAspects.java::0 the @annotation pointcut expression is only supported at Java 5 compliance level or above
[DelegatingClassLoader@7ec176da] error at io\qameta\allure\aspects\AttachmentsAspects.java::0 the @annotation pointcut expression is only supported at Java 5 compliance level or above
[DelegatingClassLoader@9d2c0ed] error at io\qameta\allure\aspects\StepsAspects.java::0 the @annotation pointcut expression is only supported at Java 5 compliance level or above
[DelegatingClassLoader@9d2c0ed] error at io\qameta\allure\aspects\AttachmentsAspects.java::0 the @annotation pointcut expression is only supported at Java 5 compliance level or above
Starting ChromeDriver 99.0.4844.51 (d537ec02474b5afe23684e7963d538896c63ac77-refs/branch-heads/4844@{#875}) on port 58948
Only local connections are allowed.
Please see https://chromedriver.chromium.org/security-considerations for suggestions on keeping ChromeDriver safe.
ChromeDriver was started successfully.
Mar 30, 2022 4:23:47 PM org.openqa.selenium.remote.ProtocolHandshake createSession
INFO: Detected dialect: W3C
Mar 30, 2022 4:23:47 PM org.openqa.selenium.devtools.CdpVersionFinder findNearestMatch
WARNING: Unable to find an exact match for CDP version 99, so returning the closest version found: 95
Mar 30, 2022 4:23:47 PM org.openqa.selenium.devtools.CdpVersionFinder findNearestMatch
INFO: Found CDP implementation for version 99 of 95
]]></system-err>
  </testcase>
  <testcase name="validateUserIsAbleToCreateANewContact[Subhankar, sahoo, TCS, abc@256](1)" classname="com.test.ContactsPageTest" time="25.498">
    <failure type="java.lang.NullPointerException"><![CDATA[java.lang.NullPointerException
	at com.test.ContactsPageTest.validateUserIsAbleToCreateANewContact(ContactsPageTest.java:73)
]]></failure>
    <system-err><![CDATA[[DelegatingClassLoader@3d1703f8] error at io\qameta\allure\aspects\StepsAspects.java::0 the @annotation pointcut expression is only supported at Java 5 compliance level or above
[DelegatingClassLoader@3d1703f8] error at io\qameta\allure\aspects\AttachmentsAspects.java::0 the @annotation pointcut expression is only supported at Java 5 compliance level or above
Starting ChromeDriver 99.0.4844.51 (d537ec02474b5afe23684e7963d538896c63ac77-refs/branch-heads/4844@{#875}) on port 54731
Only local connections are allowed.
Please see https://chromedriver.chromium.org/security-considerations for suggestions on keeping ChromeDriver safe.
ChromeDriver was started successfully.
Mar 30, 2022 4:25:19 PM org.openqa.selenium.remote.ProtocolHandshake createSession
INFO: Detected dialect: W3C
Mar 30, 2022 4:25:19 PM org.openqa.selenium.devtools.CdpVersionFinder findNearestMatch
WARNING: Unable to find an exact match for CDP version 99, so returning the closest version found: 95
Mar 30, 2022 4:25:19 PM org.openqa.selenium.devtools.CdpVersionFinder findNearestMatch
INFO: Found CDP implementation for version 99 of 95
org.openqa.selenium.NoSuchElementException: no such element: Unable to locate element: {"method":"xpath","selector":"//*[@name='email']"}
  (Session info: chrome=99.0.4844.82)
For documentation on this error, please visit: https://selenium.dev/exceptions/#no_such_element
Build info: version: '4.0.0', revision: '3a21814679'
System info: host: 'DESKTOP-PA5U02U', ip: '172.23.80.1', os.name: 'Windows 10', os.arch: 'amd64', os.version: '10.0', java.version: '12'
Driver info: org.openqa.selenium.chrome.ChromeDriver
Command: [9fe47ec30ad8e3996cdda825f7ed1d19, findElement {using=xpath, value=//*[@name='email']}]
Capabilities {acceptInsecureCerts: false, browserName: chrome, browserVersion: 99.0.4844.82, chrome: {chromedriverVersion: 99.0.4844.51 (d537ec02474b5..., userDataDir: C:\Users\Chitu\AppData\Loca...}, goog:chromeOptions: {debuggerAddress: localhost:62725}, javascriptEnabled: true, networkConnectionEnabled: false, pageLoadStrategy: normal, platform: WINDOWS, platformName: WINDOWS, proxy: Proxy(), se:cdp: ws://localhost:62725/devtoo..., se:cdpVersion: 99.0.4844.82, setWindowRect: true, strictFileInteractability: false, timeouts: {implicit: 0, pageLoad: 300000, script: 30000}, unhandledPromptBehavior: dismiss and notify, webauthn:extension:credBlob: true, webauthn:extension:largeBlob: true, webauthn:virtualAuthenticators: true}
Session ID: 9fe47ec30ad8e3996cdda825f7ed1d19
	at java.base/jdk.internal.reflect.NativeConstructorAccessorImpl.newInstance0(Native Method)
	at java.base/jdk.internal.reflect.NativeConstructorAccessorImpl.newInstance(NativeConstructorAccessorImpl.java:62)
	at java.base/jdk.internal.reflect.DelegatingConstructorAccessorImpl.newInstance(DelegatingConstructorAccessorImpl.java:45)
	at java.base/java.lang.reflect.Constructor.newInstanceWithCaller(Constructor.java:500)
	at java.base/java.lang.reflect.Constructor.newInstance(Constructor.java:481)
	at org.openqa.selenium.remote.codec.w3c.W3CHttpResponseCodec.createException(W3CHttpResponseCodec.java:200)
	at org.openqa.selenium.remote.codec.w3c.W3CHttpResponseCodec.decode(W3CHttpResponseCodec.java:133)
	at org.openqa.selenium.remote.codec.w3c.W3CHttpResponseCodec.decode(W3CHttpResponseCodec.java:53)
	at org.openqa.selenium.remote.HttpCommandExecutor.execute(HttpCommandExecutor.java:184)
	at org.openqa.selenium.remote.service.DriverCommandExecutor.invokeExecute(DriverCommandExecutor.java:164)
	at org.openqa.selenium.remote.service.DriverCommandExecutor.execute(DriverCommandExecutor.java:139)
	at org.openqa.selenium.remote.RemoteWebDriver.execute(RemoteWebDriver.java:559)
	at org.openqa.selenium.remote.ElementLocation$ElementFinder$2.findElement(ElementLocation.java:162)
	at org.openqa.selenium.remote.ElementLocation.findElement(ElementLocation.java:60)
	at org.openqa.selenium.remote.RemoteWebDriver.findElement(RemoteWebDriver.java:383)
	at org.openqa.selenium.remote.RemoteWebDriver.findElement(RemoteWebDriver.java:375)
	at com.base.BasePage.getElement(BasePage.java:26)
	at com.pages.LoginPage.getUsername(LoginPage.java:67)
	at com.pages.LoginPage.login(LoginPage.java:145)
	at com.test.ContactsPageTest.validateUserIsAbleToCreateANewContact(ContactsPageTest.java:73)
	at java.base/jdk.internal.reflect.NativeMethodAccessorImpl.invoke0(Native Method)
	at java.base/jdk.internal.reflect.NativeMethodAccessorImpl.invoke(NativeMethodAccessorImpl.java:62)
	at java.base/jdk.internal.reflect.DelegatingMethodAccessorImpl.invoke(DelegatingMethodAccessorImpl.java:43)
	at java.base/java.lang.reflect.Method.invoke(Method.java:567)
	at org.testng.internal.MethodInvocationHelper.invokeMethod(MethodInvocationHelper.java:124)
	at org.testng.internal.Invoker.invokeMethod(Invoker.java:583)
	at org.testng.internal.Invoker.invokeTestMethod(Invoker.java:719)
	at org.testng.internal.Invoker.invokeTestMethods(Invoker.java:989)
	at org.testng.internal.TestMethodWorker.invokeTestMethods(TestMethodWorker.java:125)
	at org.testng.internal.TestMethodWorker.run(TestMethodWorker.java:109)
	at org.testng.TestRunner.privateRun(TestRunner.java:648)
	at org.testng.TestRunner.run(TestRunner.java:505)
	at org.testng.SuiteRunner.runTest(SuiteRunner.java:455)
	at org.testng.SuiteRunner.runSequentially(SuiteRunner.java:450)
	at org.testng.SuiteRunner.privateRun(SuiteRunner.java:415)
	at org.testng.SuiteRunner.run(SuiteRunner.java:364)
	at org.testng.SuiteRunnerWorker.runSuite(SuiteRunnerWorker.java:52)
	at org.testng.SuiteRunnerWorker.run(SuiteRunnerWorker.java:84)
	at org.testng.TestNG.runSuitesSequentially(TestNG.java:1208)
	at org.testng.TestNG.runSuitesLocally(TestNG.java:1137)
	at org.testng.TestNG.runSuites(TestNG.java:1049)
	at org.testng.TestNG.run(TestNG.java:1017)
	at org.apache.maven.surefire.testng.TestNGExecutor.run(TestNGExecutor.java:284)
	at org.apache.maven.surefire.testng.TestNGXmlTestSuite.execute(TestNGXmlTestSuite.java:75)
	at org.apache.maven.surefire.testng.TestNGProvider.invoke(TestNGProvider.java:119)
	at org.apache.maven.surefire.booter.ForkedBooter.runSuitesInProcess(ForkedBooter.java:428)
	at org.apache.maven.surefire.booter.ForkedBooter.execute(ForkedBooter.java:162)
	at org.apache.maven.surefire.booter.ForkedBooter.run(ForkedBooter.java:562)
	at org.apache.maven.surefire.booter.ForkedBooter.main(ForkedBooter.java:548)
]]></system-err>
  </testcase>
  <testcase name="validateUserIsAbleToCreateANewContact[Amrit, Srivastava, Eli Lilly, uvc@456](2)" classname="com.test.ContactsPageTest" time="24.205">
    <failure type="java.lang.NullPointerException"><![CDATA[java.lang.NullPointerException
	at com.test.ContactsPageTest.validateUserIsAbleToCreateANewContact(ContactsPageTest.java:73)
]]></failure>
    <system-err><![CDATA[Starting ChromeDriver 99.0.4844.51 (d537ec02474b5afe23684e7963d538896c63ac77-refs/branch-heads/4844@{#875}) on port 49593
Only local connections are allowed.
Please see https://chromedriver.chromium.org/security-considerations for suggestions on keeping ChromeDriver safe.
ChromeDriver was started successfully.
Mar 30, 2022 4:25:53 PM org.openqa.selenium.remote.ProtocolHandshake createSession
INFO: Detected dialect: W3C
Mar 30, 2022 4:25:53 PM org.openqa.selenium.devtools.CdpVersionFinder findNearestMatch
WARNING: Unable to find an exact match for CDP version 99, so returning the closest version found: 95
Mar 30, 2022 4:25:53 PM org.openqa.selenium.devtools.CdpVersionFinder findNearestMatch
INFO: Found CDP implementation for version 99 of 95
org.openqa.selenium.NoSuchElementException: no such element: Unable to locate element: {"method":"xpath","selector":"//*[@name='email']"}
  (Session info: chrome=99.0.4844.82)
For documentation on this error, please visit: https://selenium.dev/exceptions/#no_such_element
Build info: version: '4.0.0', revision: '3a21814679'
System info: host: 'DESKTOP-PA5U02U', ip: '172.23.80.1', os.name: 'Windows 10', os.arch: 'amd64', os.version: '10.0', java.version: '12'
Driver info: org.openqa.selenium.chrome.ChromeDriver
Command: [7f4c302cf3337203450d1fd23cb7c614, findElement {using=xpath, value=//*[@name='email']}]
Capabilities {acceptInsecureCerts: false, browserName: chrome, browserVersion: 99.0.4844.82, chrome: {chromedriverVersion: 99.0.4844.51 (d537ec02474b5..., userDataDir: C:\Users\Chitu\AppData\Loca...}, goog:chromeOptions: {debuggerAddress: localhost:62768}, javascriptEnabled: true, networkConnectionEnabled: false, pageLoadStrategy: normal, platform: WINDOWS, platformName: WINDOWS, proxy: Proxy(), se:cdp: ws://localhost:62768/devtoo..., se:cdpVersion: 99.0.4844.82, setWindowRect: true, strictFileInteractability: false, timeouts: {implicit: 0, pageLoad: 300000, script: 30000}, unhandledPromptBehavior: dismiss and notify, webauthn:extension:credBlob: true, webauthn:extension:largeBlob: true, webauthn:virtualAuthenticators: true}
Session ID: 7f4c302cf3337203450d1fd23cb7c614
	at java.base/jdk.internal.reflect.NativeConstructorAccessorImpl.newInstance0(Native Method)
	at java.base/jdk.internal.reflect.NativeConstructorAccessorImpl.newInstance(NativeConstructorAccessorImpl.java:62)
	at java.base/jdk.internal.reflect.DelegatingConstructorAccessorImpl.newInstance(DelegatingConstructorAccessorImpl.java:45)
	at java.base/java.lang.reflect.Constructor.newInstanceWithCaller(Constructor.java:500)
	at java.base/java.lang.reflect.Constructor.newInstance(Constructor.java:481)
	at org.openqa.selenium.remote.codec.w3c.W3CHttpResponseCodec.createException(W3CHttpResponseCodec.java:200)
	at org.openqa.selenium.remote.codec.w3c.W3CHttpResponseCodec.decode(W3CHttpResponseCodec.java:133)
	at org.openqa.selenium.remote.codec.w3c.W3CHttpResponseCodec.decode(W3CHttpResponseCodec.java:53)
	at org.openqa.selenium.remote.HttpCommandExecutor.execute(HttpCommandExecutor.java:184)
	at org.openqa.selenium.remote.service.DriverCommandExecutor.invokeExecute(DriverCommandExecutor.java:164)
	at org.openqa.selenium.remote.service.DriverCommandExecutor.execute(DriverCommandExecutor.java:139)
	at org.openqa.selenium.remote.RemoteWebDriver.execute(RemoteWebDriver.java:559)
	at org.openqa.selenium.remote.ElementLocation$ElementFinder$2.findElement(ElementLocation.java:162)
	at org.openqa.selenium.remote.ElementLocation.findElement(ElementLocation.java:60)
	at org.openqa.selenium.remote.RemoteWebDriver.findElement(RemoteWebDriver.java:383)
	at org.openqa.selenium.remote.RemoteWebDriver.findElement(RemoteWebDriver.java:375)
	at com.base.BasePage.getElement(BasePage.java:26)
	at com.pages.LoginPage.getUsername(LoginPage.java:67)
	at com.pages.LoginPage.login(LoginPage.java:145)
	at com.test.ContactsPageTest.validateUserIsAbleToCreateANewContact(ContactsPageTest.java:73)
	at java.base/jdk.internal.reflect.NativeMethodAccessorImpl.invoke0(Native Method)
	at java.base/jdk.internal.reflect.NativeMethodAccessorImpl.invoke(NativeMethodAccessorImpl.java:62)
	at java.base/jdk.internal.reflect.DelegatingMethodAccessorImpl.invoke(DelegatingMethodAccessorImpl.java:43)
	at java.base/java.lang.reflect.Method.invoke(Method.java:567)
	at org.testng.internal.MethodInvocationHelper.invokeMethod(MethodInvocationHelper.java:124)
	at org.testng.internal.Invoker.invokeMethod(Invoker.java:583)
	at org.testng.internal.Invoker.invokeTestMethod(Invoker.java:719)
	at org.testng.internal.Invoker.invokeTestMethods(Invoker.java:989)
	at org.testng.internal.TestMethodWorker.invokeTestMethods(TestMethodWorker.java:125)
	at org.testng.internal.TestMethodWorker.run(TestMethodWorker.java:109)
	at org.testng.TestRunner.privateRun(TestRunner.java:648)
	at org.testng.TestRunner.run(TestRunner.java:505)
	at org.testng.SuiteRunner.runTest(SuiteRunner.java:455)
	at org.testng.SuiteRunner.runSequentially(SuiteRunner.java:450)
	at org.testng.SuiteRunner.privateRun(SuiteRunner.java:415)
	at org.testng.SuiteRunner.run(SuiteRunner.java:364)
	at org.testng.SuiteRunnerWorker.runSuite(SuiteRunnerWorker.java:52)
	at org.testng.SuiteRunnerWorker.run(SuiteRunnerWorker.java:84)
	at org.testng.TestNG.runSuitesSequentially(TestNG.java:1208)
	at org.testng.TestNG.runSuitesLocally(TestNG.java:1137)
	at org.testng.TestNG.runSuites(TestNG.java:1049)
	at org.testng.TestNG.run(TestNG.java:1017)
	at org.apache.maven.surefire.testng.TestNGExecutor.run(TestNGExecutor.java:284)
	at org.apache.maven.surefire.testng.TestNGXmlTestSuite.execute(TestNGXmlTestSuite.java:75)
	at org.apache.maven.surefire.testng.TestNGProvider.invoke(TestNGProvider.java:119)
	at org.apache.maven.surefire.booter.ForkedBooter.runSuitesInProcess(ForkedBooter.java:428)
	at org.apache.maven.surefire.booter.ForkedBooter.execute(ForkedBooter.java:162)
	at org.apache.maven.surefire.booter.ForkedBooter.run(ForkedBooter.java:562)
	at org.apache.maven.surefire.booter.ForkedBooter.main(ForkedBooter.java:548)
]]></system-err>
  </testcase>
</testsuite>