<?xml version="1.0" encoding="UTF-8"?>
<testng-results ignored="2" total="10" passed="6" failed="2" skipped="0">
  <reporter-output>
  </reporter-output>
  <suite started-at="2022-01-24T14:47:55Z" name="CRMPRO Application" finished-at="2022-01-24T14:50:57Z" duration-ms="181834">
    <groups>
    </groups>
    <test started-at="2022-01-24T14:47:55Z" name="Application Page Functionalities" finished-at="2022-01-24T14:50:57Z" duration-ms="181834">
      <class name="com.test.HomePageTest">
        <test-method is-config="true" signature="setup()[pri:0, instance:com.test.HomePageTest@3ee69ad8]" started-at="2022-01-24T14:48:15Z" name="setup" finished-at="2022-01-24T14:48:23Z" duration-ms="8851" status="PASS">
          <reporter-output>
          </reporter-output>
        </test-method> <!-- setup -->
        <test-method signature="validateHomePage()[pri:0, instance:com.test.HomePageTest@3ee69ad8]" started-at="2022-01-24T14:48:23Z" name="validateHomePage" finished-at="2022-01-24T14:48:47Z" duration-ms="23788" status="FAIL">
          <exception class="java.lang.NullPointerException">
            <full-stacktrace>
              <![CDATA[java.lang.NullPointerException
at com.pages.LoginPage.login(LoginPage.java:145)
at com.test.HomePageTest.validateHomePage(HomePageTest.java:46)
at java.base/jdk.internal.reflect.NativeMethodAccessorImpl.invoke0(Native Method)
at java.base/jdk.internal.reflect.NativeMethodAccessorImpl.invoke(NativeMethodAccessorImpl.java:62)
at java.base/jdk.internal.reflect.DelegatingMethodAccessorImpl.invoke(DelegatingMethodAccessorImpl.java:43)
at java.base/java.lang.reflect.Method.invoke(Method.java:567)
at org.testng.internal.MethodInvocationHelper.invokeMethod(MethodInvocationHelper.java:124)
at org.testng.internal.Invoker.invokeMethod(Invoker.java:583)
at org.testng.internal.Invoker.invokeTestMethod(Invoker.java:719)
at org.testng.internal.Invoker.invokeTestMethods(Invoker.java:989)
at org.testng.internal.TestMethodWorker.invokeTestMethods(TestMethodWorker.java:125)
at org.testng.internal.TestMethodWorker.run(TestMethodWorker.java:109)
at org.testng.TestRunner.privateRun(TestRunner.java:648)
at org.testng.TestRunner.run(TestRunner.java:505)
at org.testng.SuiteRunner.runTest(SuiteRunner.java:455)
at org.testng.SuiteRunner.runSequentially(SuiteRunner.java:450)
at org.testng.SuiteRunner.privateRun(SuiteRunner.java:415)
at org.testng.SuiteRunner.run(SuiteRunner.java:364)
at org.testng.SuiteRunnerWorker.runSuite(SuiteRunnerWorker.java:52)
at org.testng.SuiteRunnerWorker.run(SuiteRunnerWorker.java:84)
at org.testng.TestNG.runSuitesSequentially(TestNG.java:1208)
at org.testng.TestNG.runSuitesLocally(TestNG.java:1137)
at org.testng.TestNG.runSuites(TestNG.java:1049)
at org.testng.TestNG.run(TestNG.java:1017)
at org.apache.maven.surefire.testng.TestNGExecutor.run(TestNGExecutor.java:284)
at org.apache.maven.surefire.testng.TestNGXmlTestSuite.execute(TestNGXmlTestSuite.java:75)
at org.apache.maven.surefire.testng.TestNGProvider.invoke(TestNGProvider.java:119)
at org.apache.maven.surefire.booter.ForkedBooter.runSuitesInProcess(ForkedBooter.java:428)
at org.apache.maven.surefire.booter.ForkedBooter.execute(ForkedBooter.java:162)
at org.apache.maven.surefire.booter.ForkedBooter.run(ForkedBooter.java:562)
at org.apache.maven.surefire.booter.ForkedBooter.main(ForkedBooter.java:548)
]]>
            </full-stacktrace>
          </exception> <!-- java.lang.NullPointerException -->
          <reporter-output>
          </reporter-output>
        </test-method> <!-- validateHomePage -->
        <test-method is-config="true" signature="teardown()[pri:0, instance:com.test.HomePageTest@3ee69ad8]" started-at="2022-01-24T14:48:48Z" name="teardown" finished-at="2022-01-24T14:48:49Z" duration-ms="984" status="PASS">
          <reporter-output>
          </reporter-output>
        </test-method> <!-- teardown -->
        <test-method is-config="true" signature="setup()[pri:0, instance:com.test.HomePageTest@3ee69ad8]" started-at="2022-01-24T14:49:22Z" name="setup" finished-at="2022-01-24T14:49:31Z" duration-ms="9255" status="PASS">
          <reporter-output>
          </reporter-output>
        </test-method> <!-- setup -->
        <test-method signature="validateClickingOnContactsLink()[pri:1, instance:com.test.HomePageTest@3ee69ad8]" started-at="2022-01-24T14:49:31Z" name="validateClickingOnContactsLink" finished-at="2022-01-24T14:49:41Z" duration-ms="9821" status="PASS">
          <reporter-output>
          </reporter-output>
        </test-method> <!-- validateClickingOnContactsLink -->
        <test-method is-config="true" signature="teardown()[pri:0, instance:com.test.HomePageTest@3ee69ad8]" started-at="2022-01-24T14:49:41Z" name="teardown" finished-at="2022-01-24T14:49:42Z" duration-ms="868" status="PASS">
          <reporter-output>
          </reporter-output>
        </test-method> <!-- teardown -->
      </class> <!-- com.test.HomePageTest -->
      <class name="com.test.ContactsPageTest">
        <test-method is-config="true" signature="setup()[pri:0, instance:com.test.ContactsPageTest@f679798]" started-at="2022-01-24T14:48:49Z" name="setup" finished-at="2022-01-24T14:48:59Z" duration-ms="9875" status="PASS">
          <reporter-output>
          </reporter-output>
        </test-method> <!-- setup -->
        <test-method signature="validateUserOnContactsPage()[pri:0, instance:com.test.ContactsPageTest@f679798]" started-at="2022-01-24T14:48:59Z" name="validateUserOnContactsPage" finished-at="2022-01-24T14:49:09Z" duration-ms="10457" status="PASS">
          <reporter-output>
          </reporter-output>
        </test-method> <!-- validateUserOnContactsPage -->
        <test-method is-config="true" signature="teardown()[pri:0, instance:com.test.ContactsPageTest@f679798]" started-at="2022-01-24T14:49:09Z" name="teardown" finished-at="2022-01-24T14:49:10Z" duration-ms="851" status="PASS">
          <reporter-output>
          </reporter-output>
        </test-method> <!-- teardown -->
        <test-method is-config="true" signature="setup()[pri:0, instance:com.test.ContactsPageTest@f679798]" started-at="2022-01-24T14:49:43Z" name="setup" finished-at="2022-01-24T14:49:52Z" duration-ms="8965" status="PASS">
          <reporter-output>
          </reporter-output>
        </test-method> <!-- setup -->
        <test-method signature="validateUserIsAbleToCreateANewContact(java.lang.String, java.lang.String, java.lang.String, java.lang.String)[pri:1, instance:com.test.ContactsPageTest@f679798]" started-at="2022-01-24T14:49:52Z" name="validateUserIsAbleToCreateANewContact" data-provider="testData" finished-at="2022-01-24T14:50:11Z" duration-ms="18468" status="PASS">
          <params>
            <param index="0">
              <value>
                <![CDATA[Subhankar]]>
              </value>
            </param>
            <param index="1">
              <value>
                <![CDATA[sahoo]]>
              </value>
            </param>
            <param index="2">
              <value>
                <![CDATA[TCS]]>
              </value>
            </param>
            <param index="3">
              <value>
                <![CDATA[abc@256]]>
              </value>
            </param>
          </params>
          <reporter-output>
          </reporter-output>
        </test-method> <!-- validateUserIsAbleToCreateANewContact -->
        <test-method is-config="true" signature="teardown()[pri:0, instance:com.test.ContactsPageTest@f679798]" started-at="2022-01-24T14:50:11Z" name="teardown" finished-at="2022-01-24T14:50:12Z" duration-ms="914" status="PASS">
          <reporter-output>
          </reporter-output>
        </test-method> <!-- teardown -->
        <test-method is-config="true" signature="setup()[pri:0, instance:com.test.ContactsPageTest@f679798]" started-at="2022-01-24T14:50:12Z" name="setup" finished-at="2022-01-24T14:50:20Z" duration-ms="8724" status="PASS">
          <reporter-output>
          </reporter-output>
        </test-method> <!-- setup -->
        <test-method signature="validateUserIsAbleToCreateANewContact(java.lang.String, java.lang.String, java.lang.String, java.lang.String)[pri:1, instance:com.test.ContactsPageTest@f679798]" started-at="2022-01-24T14:50:20Z" name="validateUserIsAbleToCreateANewContact" data-provider="testData" finished-at="2022-01-24T14:50:37Z" duration-ms="16994" status="PASS">
          <params>
            <param index="0">
              <value>
                <![CDATA[Amrit]]>
              </value>
            </param>
            <param index="1">
              <value>
                <![CDATA[Srivastava]]>
              </value>
            </param>
            <param index="2">
              <value>
                <![CDATA[Eli Lilly]]>
              </value>
            </param>
            <param index="3">
              <value>
                <![CDATA[uvc@456]]>
              </value>
            </param>
          </params>
          <reporter-output>
          </reporter-output>
        </test-method> <!-- validateUserIsAbleToCreateANewContact -->
        <test-method is-config="true" signature="teardown()[pri:0, instance:com.test.ContactsPageTest@f679798]" started-at="2022-01-24T14:50:37Z" name="teardown" finished-at="2022-01-24T14:50:38Z" duration-ms="884" status="PASS">
          <reporter-output>
          </reporter-output>
        </test-method> <!-- teardown -->
      </class> <!-- com.test.ContactsPageTest -->
      <class name="com.test.LoginPageTest">
        <test-method is-config="true" signature="allureDirectoryEmpty()[pri:0, instance:com.test.LoginPageTest@2d82408]" started-at="2022-01-24T14:47:55Z" name="allureDirectoryEmpty" finished-at="2022-01-24T14:47:55Z" duration-ms="71" status="PASS">
          <reporter-output>
          </reporter-output>
        </test-method> <!-- allureDirectoryEmpty -->
        <test-method is-config="true" signature="setup()[pri:0, instance:com.test.LoginPageTest@2d82408]" started-at="2022-01-24T14:47:55Z" name="setup" finished-at="2022-01-24T14:48:13Z" duration-ms="17947" status="PASS">
          <reporter-output>
          </reporter-output>
        </test-method> <!-- setup -->
        <test-method signature="validateUserInLoginPageOfCRMApplication()[pri:0, instance:com.test.LoginPageTest@2d82408]" started-at="2022-01-24T14:48:13Z" name="validateUserInLoginPageOfCRMApplication" finished-at="2022-01-24T14:48:14Z" duration-ms="533" status="PASS">
          <reporter-output>
          </reporter-output>
        </test-method> <!-- validateUserInLoginPageOfCRMApplication -->
        <test-method is-config="true" signature="teardown()[pri:0, instance:com.test.LoginPageTest@2d82408]" started-at="2022-01-24T14:48:14Z" name="teardown" finished-at="2022-01-24T14:48:15Z" duration-ms="938" status="PASS">
          <reporter-output>
          </reporter-output>
        </test-method> <!-- teardown -->
        <test-method is-config="true" signature="setup()[pri:0, instance:com.test.LoginPageTest@2d82408]" started-at="2022-01-24T14:49:10Z" name="setup" finished-at="2022-01-24T14:49:19Z" duration-ms="9046" status="PASS">
          <reporter-output>
          </reporter-output>
        </test-method> <!-- setup -->
        <test-method signature="validateLoginPageTitle()[pri:1, instance:com.test.LoginPageTest@2d82408]" started-at="2022-01-24T14:49:19Z" name="validateLoginPageTitle" finished-at="2022-01-24T14:49:19Z" duration-ms="54" status="FAIL">
          <exception class="java.lang.AssertionError">
            <message>
              <![CDATA[expected [ CRMPRO - CRM software for customer relationship management, sales, and support.] but found [CRMPRO - CRM software for customer relationship management, sales, and support.]]]>
            </message>
            <full-stacktrace>
              <![CDATA[java.lang.AssertionError: expected [ CRMPRO - CRM software for customer relationship management, sales, and support.] but found [CRMPRO - CRM software for customer relationship management, sales, and support.]
at org.testng.Assert.fail(Assert.java:96)
at org.testng.Assert.failNotEquals(Assert.java:776)
at org.testng.Assert.assertEqualsImpl(Assert.java:137)
at org.testng.Assert.assertEquals(Assert.java:118)
at org.testng.Assert.assertEquals(Assert.java:453)
at org.testng.Assert.assertEquals(Assert.java:463)
at com.test.LoginPageTest.validateLoginPageTitle(LoginPageTest.java:70)
at java.base/jdk.internal.reflect.NativeMethodAccessorImpl.invoke0(Native Method)
at java.base/jdk.internal.reflect.NativeMethodAccessorImpl.invoke(NativeMethodAccessorImpl.java:62)
at java.base/jdk.internal.reflect.DelegatingMethodAccessorImpl.invoke(DelegatingMethodAccessorImpl.java:43)
at java.base/java.lang.reflect.Method.invoke(Method.java:567)
at org.testng.internal.MethodInvocationHelper.invokeMethod(MethodInvocationHelper.java:124)
at org.testng.internal.Invoker.invokeMethod(Invoker.java:583)
at org.testng.internal.Invoker.invokeTestMethod(Invoker.java:719)
at org.testng.internal.Invoker.invokeTestMethods(Invoker.java:989)
at org.testng.internal.TestMethodWorker.invokeTestMethods(TestMethodWorker.java:125)
at org.testng.internal.TestMethodWorker.run(TestMethodWorker.java:109)
at org.testng.TestRunner.privateRun(TestRunner.java:648)
at org.testng.TestRunner.run(TestRunner.java:505)
at org.testng.SuiteRunner.runTest(SuiteRunner.java:455)
at org.testng.SuiteRunner.runSequentially(SuiteRunner.java:450)
at org.testng.SuiteRunner.privateRun(SuiteRunner.java:415)
at org.testng.SuiteRunner.run(SuiteRunner.java:364)
at org.testng.SuiteRunnerWorker.runSuite(SuiteRunnerWorker.java:52)
at org.testng.SuiteRunnerWorker.run(SuiteRunnerWorker.java:84)
at org.testng.TestNG.runSuitesSequentially(TestNG.java:1208)
at org.testng.TestNG.runSuitesLocally(TestNG.java:1137)
at org.testng.TestNG.runSuites(TestNG.java:1049)
at org.testng.TestNG.run(TestNG.java:1017)
at org.apache.maven.surefire.testng.TestNGExecutor.run(TestNGExecutor.java:284)
at org.apache.maven.surefire.testng.TestNGXmlTestSuite.execute(TestNGXmlTestSuite.java:75)
at org.apache.maven.surefire.testng.TestNGProvider.invoke(TestNGProvider.java:119)
at org.apache.maven.surefire.booter.ForkedBooter.runSuitesInProcess(ForkedBooter.java:428)
at org.apache.maven.surefire.booter.ForkedBooter.execute(ForkedBooter.java:162)
at org.apache.maven.surefire.booter.ForkedBooter.run(ForkedBooter.java:562)
at org.apache.maven.surefire.booter.ForkedBooter.main(ForkedBooter.java:548)
]]>
            </full-stacktrace>
          </exception> <!-- java.lang.AssertionError -->
          <reporter-output>
          </reporter-output>
        </test-method> <!-- validateLoginPageTitle -->
        <test-method is-config="true" signature="teardown()[pri:0, instance:com.test.LoginPageTest@2d82408]" started-at="2022-01-24T14:49:21Z" name="teardown" finished-at="2022-01-24T14:49:22Z" duration-ms="1060" status="PASS">
          <reporter-output>
          </reporter-output>
        </test-method> <!-- teardown -->
        <test-method is-config="true" signature="setup()[pri:0, instance:com.test.LoginPageTest@2d82408]" started-at="2022-01-24T14:50:38Z" name="setup" finished-at="2022-01-24T14:50:47Z" duration-ms="8695" status="PASS">
          <reporter-output>
          </reporter-output>
        </test-method> <!-- setup -->
        <test-method signature="validateUserLogin()[pri:2, instance:com.test.LoginPageTest@2d82408]" started-at="2022-01-24T14:50:47Z" name="validateUserLogin" finished-at="2022-01-24T14:50:56Z" duration-ms="8512" status="PASS">
          <reporter-output>
          </reporter-output>
        </test-method> <!-- validateUserLogin -->
        <test-method is-config="true" signature="teardown()[pri:0, instance:com.test.LoginPageTest@2d82408]" started-at="2022-01-24T14:50:56Z" name="teardown" finished-at="2022-01-24T14:50:56Z" duration-ms="857" status="PASS">
          <reporter-output>
          </reporter-output>
        </test-method> <!-- teardown -->
      </class> <!-- com.test.LoginPageTest -->
    </test> <!-- Application Page Functionalities -->
  </suite> <!-- CRMPRO Application -->
</testng-results>
