<?xml version="1.0" encoding="UTF-8"?>
<testng-results ignored="5" total="8" passed="2" failed="1" skipped="0">
  <reporter-output>
  </reporter-output>
  <suite started-at="2022-01-15T05:16:32Z" name="CRMPRO Application" finished-at="2022-01-15T05:17:43Z" duration-ms="71738">
    <groups>
    </groups>
    <test started-at="2022-01-15T05:16:32Z" name="Application login" finished-at="2022-01-15T05:17:43Z" duration-ms="71738">
      <class name="com.test.ContactsPageTest">
        <test-method is-config="true" signature="setup()[pri:0, instance:com.test.ContactsPageTest@695a69a1]" started-at="2022-01-15T05:16:32Z" name="setup" finished-at="2022-01-15T05:16:53Z" duration-ms="20839" status="PASS">
          <reporter-output>
          </reporter-output>
        </test-method> <!-- setup -->
        <test-method signature="validateUserOnContactsPage()[pri:0, instance:com.test.ContactsPageTest@695a69a1]" started-at="2022-01-15T05:16:53Z" name="validateUserOnContactsPage" finished-at="2022-01-15T05:16:53Z" duration-ms="247" status="PASS">
          <reporter-output>
          </reporter-output>
        </test-method> <!-- validateUserOnContactsPage -->
        <test-method is-config="true" signature="teardown()[pri:0, instance:com.test.ContactsPageTest@695a69a1]" started-at="2022-01-15T05:16:53Z" name="teardown" finished-at="2022-01-15T05:16:54Z" duration-ms="868" status="PASS">
          <reporter-output>
          </reporter-output>
        </test-method> <!-- teardown -->
        <test-method is-config="true" signature="setup()[pri:0, instance:com.test.ContactsPageTest@695a69a1]" started-at="2022-01-15T05:16:56Z" name="setup" finished-at="2022-01-15T05:17:12Z" duration-ms="16344" status="PASS">
          <reporter-output>
          </reporter-output>
        </test-method> <!-- setup -->
        <test-method signature="validateUserIsAbleToCreateANewContact(java.lang.String, java.lang.String, java.lang.String, java.lang.String)[pri:1, instance:com.test.ContactsPageTest@695a69a1]" started-at="2022-01-15T05:17:12Z" name="validateUserIsAbleToCreateANewContact" data-provider="testData" finished-at="2022-01-15T05:17:19Z" duration-ms="6201" status="PASS">
          <params>
            <param index="0">
              <value>
                <![CDATA[Subhankar]]>
              </value>
            </param>
            <param index="1">
              <value>
                <![CDATA[sahoo]]>
              </value>
            </param>
            <param index="2">
              <value>
                <![CDATA[TCS]]>
              </value>
            </param>
            <param index="3">
              <value>
                <![CDATA[abc@256]]>
              </value>
            </param>
          </params>
          <reporter-output>
          </reporter-output>
        </test-method> <!-- validateUserIsAbleToCreateANewContact -->
        <test-method is-config="true" signature="teardown()[pri:0, instance:com.test.ContactsPageTest@695a69a1]" started-at="2022-01-15T05:17:19Z" name="teardown" finished-at="2022-01-15T05:17:20Z" duration-ms="1100" status="PASS">
          <reporter-output>
          </reporter-output>
        </test-method> <!-- teardown -->
        <test-method is-config="true" signature="setup()[pri:0, instance:com.test.ContactsPageTest@695a69a1]" started-at="2022-01-15T05:17:20Z" name="setup" finished-at="2022-01-15T05:17:36Z" duration-ms="16455" status="PASS">
          <reporter-output>
          </reporter-output>
        </test-method> <!-- setup -->
        <test-method signature="validateUserIsAbleToCreateANewContact(java.lang.String, java.lang.String, java.lang.String, java.lang.String)[pri:1, instance:com.test.ContactsPageTest@695a69a1]" started-at="2022-01-15T05:17:36Z" name="validateUserIsAbleToCreateANewContact" data-provider="testData" finished-at="2022-01-15T05:17:42Z" duration-ms="5922" status="FAIL">
          <params>
            <param index="0">
              <value>
                <![CDATA[Amrit]]>
              </value>
            </param>
            <param index="1">
              <value>
                <![CDATA[Srivastava]]>
              </value>
            </param>
            <param index="2">
              <value>
                <![CDATA[Eli Lilly]]>
              </value>
            </param>
            <param index="3">
              <value>
                <![CDATA[uvc@456]]>
              </value>
            </param>
          </params>
          <exception class="org.openqa.selenium.StaleElementReferenceException">
            <message>
              <![CDATA[stale element reference: element is not attached to the page document
  (Session info: chrome=97.0.4692.71)
For documentation on this error, please visit: https://selenium.dev/exceptions/#stale_element_reference
Build info: version: '4.0.0', revision: '3a21814679'
System info: host: 'DESKTOP-PA5U02U', ip: '172.18.16.1', os.name: 'Windows 10', os.arch: 'amd64', os.version: '10.0', java.version: '12'
Driver info: org.openqa.selenium.chrome.ChromeDriver
Command: [01058f0ffcc07d1ba2de6aa8f655d14f, isElementDisplayed {id=f4692132-7532-4497-87d8-f089397ee4df}]
Capabilities {acceptInsecureCerts: false, browserName: chrome, browserVersion: 97.0.4692.71, chrome: {chromedriverVersion: 97.0.4692.71 (adefa7837d02a..., userDataDir: C:\Users\Chitu\AppData\Loca...}, goog:chromeOptions: {debuggerAddress: localhost:65528}, javascriptEnabled: true, networkConnectionEnabled: false, pageLoadStrategy: normal, platform: WINDOWS, platformName: WINDOWS, proxy: Proxy(), se:cdp: ws://localhost:65528/devtoo..., se:cdpVersion: 97.0.4692.71, setWindowRect: true, strictFileInteractability: false, timeouts: {implicit: 0, pageLoad: 300000, script: 30000}, unhandledPromptBehavior: dismiss and notify, webauthn:extension:credBlob: true, webauthn:extension:largeBlob: true, webauthn:virtualAuthenticators: true}
Element: [[ChromeDriver: chrome on WINDOWS (01058f0ffcc07d1ba2de6aa8f655d14f)] -> xpath: //*[text()='Amrit Srivastava']]
Session ID: 01058f0ffcc07d1ba2de6aa8f655d14f]]>
            </message>
            <full-stacktrace>
              <![CDATA[org.openqa.selenium.StaleElementReferenceException: stale element reference: element is not attached to the page document
  (Session info: chrome=97.0.4692.71)
For documentation on this error, please visit: https://selenium.dev/exceptions/#stale_element_reference
Build info: version: '4.0.0', revision: '3a21814679'
System info: host: 'DESKTOP-PA5U02U', ip: '172.18.16.1', os.name: 'Windows 10', os.arch: 'amd64', os.version: '10.0', java.version: '12'
Driver info: org.openqa.selenium.chrome.ChromeDriver
Command: [01058f0ffcc07d1ba2de6aa8f655d14f, isElementDisplayed {id=f4692132-7532-4497-87d8-f089397ee4df}]
Capabilities {acceptInsecureCerts: false, browserName: chrome, browserVersion: 97.0.4692.71, chrome: {chromedriverVersion: 97.0.4692.71 (adefa7837d02a..., userDataDir: C:\Users\Chitu\AppData\Loca...}, goog:chromeOptions: {debuggerAddress: localhost:65528}, javascriptEnabled: true, networkConnectionEnabled: false, pageLoadStrategy: normal, platform: WINDOWS, platformName: WINDOWS, proxy: Proxy(), se:cdp: ws://localhost:65528/devtoo..., se:cdpVersion: 97.0.4692.71, setWindowRect: true, strictFileInteractability: false, timeouts: {implicit: 0, pageLoad: 300000, script: 30000}, unhandledPromptBehavior: dismiss and notify, webauthn:extension:credBlob: true, webauthn:extension:largeBlob: true, webauthn:virtualAuthenticators: true}
Element: [[ChromeDriver: chrome on WINDOWS (01058f0ffcc07d1ba2de6aa8f655d14f)] -> xpath: //*[text()='Amrit Srivastava']]
Session ID: 01058f0ffcc07d1ba2de6aa8f655d14f
at java.base/jdk.internal.reflect.NativeConstructorAccessorImpl.newInstance0(Native Method)
at java.base/jdk.internal.reflect.NativeConstructorAccessorImpl.newInstance(NativeConstructorAccessorImpl.java:62)
at java.base/jdk.internal.reflect.DelegatingConstructorAccessorImpl.newInstance(DelegatingConstructorAccessorImpl.java:45)
at java.base/java.lang.reflect.Constructor.newInstanceWithCaller(Constructor.java:500)
at java.base/java.lang.reflect.Constructor.newInstance(Constructor.java:481)
at org.openqa.selenium.remote.codec.w3c.W3CHttpResponseCodec.createException(W3CHttpResponseCodec.java:200)
at org.openqa.selenium.remote.codec.w3c.W3CHttpResponseCodec.decode(W3CHttpResponseCodec.java:133)
at org.openqa.selenium.remote.codec.w3c.W3CHttpResponseCodec.decode(W3CHttpResponseCodec.java:53)
at org.openqa.selenium.remote.HttpCommandExecutor.execute(HttpCommandExecutor.java:184)
at org.openqa.selenium.remote.service.DriverCommandExecutor.invokeExecute(DriverCommandExecutor.java:164)
at org.openqa.selenium.remote.service.DriverCommandExecutor.execute(DriverCommandExecutor.java:139)
at org.openqa.selenium.remote.RemoteWebDriver.execute(RemoteWebDriver.java:559)
at org.openqa.selenium.remote.RemoteWebElement.execute(RemoteWebElement.java:251)
at org.openqa.selenium.remote.RemoteWebElement.isDisplayed(RemoteWebElement.java:307)
at org.openqa.selenium.support.ui.ExpectedConditions.elementIfVisible(ExpectedConditions.java:307)
at org.openqa.selenium.support.ui.ExpectedConditions.access$000(ExpectedConditions.java:40)
at org.openqa.selenium.support.ui.ExpectedConditions$10.apply(ExpectedConditions.java:293)
at org.openqa.selenium.support.ui.ExpectedConditions$10.apply(ExpectedConditions.java:290)
at org.openqa.selenium.support.ui.FluentWait.until(FluentWait.java:208)
at com.pages.ContactsPage.createNewContact(ContactsPage.java:63)
at com.test.ContactsPageTest.validateUserIsAbleToCreateANewContact(ContactsPageTest.java:65)
at java.base/jdk.internal.reflect.NativeMethodAccessorImpl.invoke0(Native Method)
at java.base/jdk.internal.reflect.NativeMethodAccessorImpl.invoke(NativeMethodAccessorImpl.java:62)
at java.base/jdk.internal.reflect.DelegatingMethodAccessorImpl.invoke(DelegatingMethodAccessorImpl.java:43)
at java.base/java.lang.reflect.Method.invoke(Method.java:567)
at org.testng.internal.MethodInvocationHelper.invokeMethod(MethodInvocationHelper.java:124)
at org.testng.internal.Invoker.invokeMethod(Invoker.java:583)
at org.testng.internal.Invoker.invokeTestMethod(Invoker.java:719)
at org.testng.internal.Invoker.invokeTestMethods(Invoker.java:989)
at org.testng.internal.TestMethodWorker.invokeTestMethods(TestMethodWorker.java:125)
at org.testng.internal.TestMethodWorker.run(TestMethodWorker.java:109)
at org.testng.TestRunner.privateRun(TestRunner.java:648)
at org.testng.TestRunner.run(TestRunner.java:505)
at org.testng.SuiteRunner.runTest(SuiteRunner.java:455)
at org.testng.SuiteRunner.runSequentially(SuiteRunner.java:450)
at org.testng.SuiteRunner.privateRun(SuiteRunner.java:415)
at org.testng.SuiteRunner.run(SuiteRunner.java:364)
at org.testng.SuiteRunnerWorker.runSuite(SuiteRunnerWorker.java:52)
at org.testng.SuiteRunnerWorker.run(SuiteRunnerWorker.java:84)
at org.testng.TestNG.runSuitesSequentially(TestNG.java:1208)
at org.testng.TestNG.runSuitesLocally(TestNG.java:1137)
at org.testng.TestNG.runSuites(TestNG.java:1049)
at org.testng.TestNG.run(TestNG.java:1017)
at org.testng.remote.AbstractRemoteTestNG.run(AbstractRemoteTestNG.java:115)
at org.testng.remote.RemoteTestNG.initAndRun(RemoteTestNG.java:251)
at org.testng.remote.RemoteTestNG.main(RemoteTestNG.java:77)
]]>
            </full-stacktrace>
          </exception> <!-- org.openqa.selenium.StaleElementReferenceException -->
          <reporter-output>
          </reporter-output>
        </test-method> <!-- validateUserIsAbleToCreateANewContact -->
        <test-method is-config="true" signature="teardown()[pri:0, instance:com.test.ContactsPageTest@695a69a1]" started-at="2022-01-15T05:17:42Z" name="teardown" finished-at="2022-01-15T05:17:43Z" duration-ms="885" status="PASS">
          <reporter-output>
          </reporter-output>
        </test-method> <!-- teardown -->
      </class> <!-- com.test.ContactsPageTest -->
      <class name="com.test.LoginPageTest">
        <test-method is-config="true" signature="allureDirectoryEmpty()[pri:0, instance:com.test.LoginPageTest@278f8425]" started-at="2022-01-15T05:16:32Z" name="allureDirectoryEmpty" finished-at="2022-01-15T05:16:32Z" duration-ms="61" status="PASS">
          <reporter-output>
          </reporter-output>
        </test-method> <!-- allureDirectoryEmpty -->
      </class> <!-- com.test.LoginPageTest -->
    </test> <!-- Application login -->
  </suite> <!-- CRMPRO Application -->
</testng-results>
