<?xml version="1.0" encoding="UTF-8"?>
<testng-results ignored="2" total="10" passed="7" failed="1" skipped="0">
  <reporter-output>
  </reporter-output>
  <suite started-at="2022-04-14T08:37:57Z" name="CRMPRO Application" finished-at="2022-04-14T08:40:29Z" duration-ms="152307">
    <groups>
    </groups>
    <test started-at="2022-04-14T08:37:57Z" name="Application Page Functionalities" finished-at="2022-04-14T08:40:29Z" duration-ms="152307">
      <class name="com.test.HomePageTest">
        <test-method is-config="true" signature="setup()[pri:0, instance:com.test.HomePageTest@6ecdbab8]" started-at="2022-04-14T08:38:11Z" name="setup" finished-at="2022-04-14T08:38:19Z" duration-ms="7485" status="PASS">
          <reporter-output>
          </reporter-output>
        </test-method> <!-- setup -->
        <test-method signature="validateHomePage()[pri:0, instance:com.test.HomePageTest@6ecdbab8]" started-at="2022-04-14T08:38:19Z" name="validateHomePage" finished-at="2022-04-14T08:38:34Z" duration-ms="15118" status="PASS">
          <reporter-output>
          </reporter-output>
        </test-method> <!-- validateHomePage -->
        <test-method is-config="true" signature="teardown()[pri:0, instance:com.test.HomePageTest@6ecdbab8]" started-at="2022-04-14T08:38:34Z" name="teardown" finished-at="2022-04-14T08:38:35Z" duration-ms="1037" status="PASS">
          <reporter-output>
          </reporter-output>
        </test-method> <!-- teardown -->
        <test-method is-config="true" signature="setup()[pri:0, instance:com.test.HomePageTest@6ecdbab8]" started-at="2022-04-14T08:39:04Z" name="setup" finished-at="2022-04-14T08:39:11Z" duration-ms="6734" status="PASS">
          <reporter-output>
          </reporter-output>
        </test-method> <!-- setup -->
        <test-method signature="validateClickingOnContactsLink()[pri:1, instance:com.test.HomePageTest@6ecdbab8]" started-at="2022-04-14T08:39:11Z" name="validateClickingOnContactsLink" finished-at="2022-04-14T08:39:19Z" duration-ms="7992" status="PASS">
          <reporter-output>
          </reporter-output>
        </test-method> <!-- validateClickingOnContactsLink -->
        <test-method is-config="true" signature="teardown()[pri:0, instance:com.test.HomePageTest@6ecdbab8]" started-at="2022-04-14T08:39:19Z" name="teardown" finished-at="2022-04-14T08:39:20Z" duration-ms="835" status="PASS">
          <reporter-output>
          </reporter-output>
        </test-method> <!-- teardown -->
      </class> <!-- com.test.HomePageTest -->
      <class name="com.test.ContactsPageTest">
        <test-method is-config="true" signature="setup()[pri:0, instance:com.test.ContactsPageTest@3dd4a6fa]" started-at="2022-04-14T08:38:35Z" name="setup" finished-at="2022-04-14T08:38:43Z" duration-ms="7863" status="PASS">
          <reporter-output>
          </reporter-output>
        </test-method> <!-- setup -->
        <test-method signature="validateUserOnContactsPage()[pri:0, instance:com.test.ContactsPageTest@3dd4a6fa]" started-at="2022-04-14T08:38:43Z" name="validateUserOnContactsPage" finished-at="2022-04-14T08:38:53Z" duration-ms="10622" status="PASS">
          <reporter-output>
          </reporter-output>
        </test-method> <!-- validateUserOnContactsPage -->
        <test-method is-config="true" signature="teardown()[pri:0, instance:com.test.ContactsPageTest@3dd4a6fa]" started-at="2022-04-14T08:38:53Z" name="teardown" finished-at="2022-04-14T08:38:54Z" duration-ms="828" status="PASS">
          <reporter-output>
          </reporter-output>
        </test-method> <!-- teardown -->
        <test-method is-config="true" signature="setup()[pri:0, instance:com.test.ContactsPageTest@3dd4a6fa]" started-at="2022-04-14T08:39:21Z" name="setup" finished-at="2022-04-14T08:39:29Z" duration-ms="7996" status="PASS">
          <reporter-output>
          </reporter-output>
        </test-method> <!-- setup -->
        <test-method signature="validateUserIsAbleToCreateANewContact(java.lang.String, java.lang.String, java.lang.String, java.lang.String)[pri:1, instance:com.test.ContactsPageTest@3dd4a6fa]" started-at="2022-04-14T08:39:29Z" name="validateUserIsAbleToCreateANewContact" data-provider="testData" finished-at="2022-04-14T08:39:46Z" duration-ms="16472" status="PASS">
          <params>
            <param index="0">
              <value>
                <![CDATA[Subhankar]]>
              </value>
            </param>
            <param index="1">
              <value>
                <![CDATA[sahoo]]>
              </value>
            </param>
            <param index="2">
              <value>
                <![CDATA[TCS]]>
              </value>
            </param>
            <param index="3">
              <value>
                <![CDATA[abc@256]]>
              </value>
            </param>
          </params>
          <reporter-output>
          </reporter-output>
        </test-method> <!-- validateUserIsAbleToCreateANewContact -->
        <test-method is-config="true" signature="teardown()[pri:0, instance:com.test.ContactsPageTest@3dd4a6fa]" started-at="2022-04-14T08:39:46Z" name="teardown" finished-at="2022-04-14T08:39:47Z" duration-ms="805" status="PASS">
          <reporter-output>
          </reporter-output>
        </test-method> <!-- teardown -->
        <test-method is-config="true" signature="setup()[pri:0, instance:com.test.ContactsPageTest@3dd4a6fa]" started-at="2022-04-14T08:39:47Z" name="setup" finished-at="2022-04-14T08:39:54Z" duration-ms="7353" status="PASS">
          <reporter-output>
          </reporter-output>
        </test-method> <!-- setup -->
        <test-method signature="validateUserIsAbleToCreateANewContact(java.lang.String, java.lang.String, java.lang.String, java.lang.String)[pri:1, instance:com.test.ContactsPageTest@3dd4a6fa]" started-at="2022-04-14T08:39:54Z" name="validateUserIsAbleToCreateANewContact" data-provider="testData" finished-at="2022-04-14T08:40:11Z" duration-ms="16655" status="PASS">
          <params>
            <param index="0">
              <value>
                <![CDATA[Amrit]]>
              </value>
            </param>
            <param index="1">
              <value>
                <![CDATA[Srivastava]]>
              </value>
            </param>
            <param index="2">
              <value>
                <![CDATA[Eli Lilly]]>
              </value>
            </param>
            <param index="3">
              <value>
                <![CDATA[uvc@456]]>
              </value>
            </param>
          </params>
          <reporter-output>
          </reporter-output>
        </test-method> <!-- validateUserIsAbleToCreateANewContact -->
        <test-method is-config="true" signature="teardown()[pri:0, instance:com.test.ContactsPageTest@3dd4a6fa]" started-at="2022-04-14T08:40:11Z" name="teardown" finished-at="2022-04-14T08:40:11Z" duration-ms="834" status="PASS">
          <reporter-output>
          </reporter-output>
        </test-method> <!-- teardown -->
      </class> <!-- com.test.ContactsPageTest -->
      <class name="com.test.LoginPageTest">
        <test-method is-config="true" signature="allureDirectoryEmpty()[pri:0, instance:com.test.LoginPageTest@49ede9c7]" started-at="2022-04-14T08:37:57Z" name="allureDirectoryEmpty" finished-at="2022-04-14T08:37:57Z" duration-ms="88" status="PASS">
          <reporter-output>
          </reporter-output>
        </test-method> <!-- allureDirectoryEmpty -->
        <test-method is-config="true" signature="setup()[pri:0, instance:com.test.LoginPageTest@49ede9c7]" started-at="2022-04-14T08:37:57Z" name="setup" finished-at="2022-04-14T08:38:09Z" duration-ms="12711" status="PASS">
          <reporter-output>
          </reporter-output>
        </test-method> <!-- setup -->
        <test-method signature="validateUserInLoginPageOfCRMApplication()[pri:0, instance:com.test.LoginPageTest@49ede9c7]" started-at="2022-04-14T08:38:10Z" name="validateUserInLoginPageOfCRMApplication" finished-at="2022-04-14T08:38:10Z" duration-ms="440" status="PASS">
          <reporter-output>
          </reporter-output>
        </test-method> <!-- validateUserInLoginPageOfCRMApplication -->
        <test-method is-config="true" signature="teardown()[pri:0, instance:com.test.LoginPageTest@49ede9c7]" started-at="2022-04-14T08:38:10Z" name="teardown" finished-at="2022-04-14T08:38:11Z" duration-ms="908" status="PASS">
          <reporter-output>
          </reporter-output>
        </test-method> <!-- teardown -->
        <test-method is-config="true" signature="setup()[pri:0, instance:com.test.LoginPageTest@49ede9c7]" started-at="2022-04-14T08:38:54Z" name="setup" finished-at="2022-04-14T08:39:02Z" duration-ms="7478" status="PASS">
          <reporter-output>
          </reporter-output>
        </test-method> <!-- setup -->
        <test-method signature="validateLoginPageTitle()[pri:1, instance:com.test.LoginPageTest@49ede9c7]" started-at="2022-04-14T08:39:02Z" name="validateLoginPageTitle" finished-at="2022-04-14T08:39:02Z" duration-ms="15" status="FAIL">
          <exception class="java.lang.AssertionError">
            <message>
              <![CDATA[expected [ CRMPRO - CRM software for customer relationship management, sales, and support.] but found [CRMPRO - CRM software for customer relationship management, sales, and support.]]]>
            </message>
            <full-stacktrace>
              <![CDATA[java.lang.AssertionError: expected [ CRMPRO - CRM software for customer relationship management, sales, and support.] but found [CRMPRO - CRM software for customer relationship management, sales, and support.]
at org.testng.Assert.fail(Assert.java:96)
at org.testng.Assert.failNotEquals(Assert.java:776)
at org.testng.Assert.assertEqualsImpl(Assert.java:137)
at org.testng.Assert.assertEquals(Assert.java:118)
at org.testng.Assert.assertEquals(Assert.java:453)
at org.testng.Assert.assertEquals(Assert.java:463)
at com.test.LoginPageTest.validateLoginPageTitle(LoginPageTest.java:71)
at java.base/jdk.internal.reflect.NativeMethodAccessorImpl.invoke0(Native Method)
at java.base/jdk.internal.reflect.NativeMethodAccessorImpl.invoke(NativeMethodAccessorImpl.java:62)
at java.base/jdk.internal.reflect.DelegatingMethodAccessorImpl.invoke(DelegatingMethodAccessorImpl.java:43)
at java.base/java.lang.reflect.Method.invoke(Method.java:567)
at org.testng.internal.MethodInvocationHelper.invokeMethod(MethodInvocationHelper.java:124)
at org.testng.internal.Invoker.invokeMethod(Invoker.java:583)
at org.testng.internal.Invoker.invokeTestMethod(Invoker.java:719)
at org.testng.internal.Invoker.invokeTestMethods(Invoker.java:989)
at org.testng.internal.TestMethodWorker.invokeTestMethods(TestMethodWorker.java:125)
at org.testng.internal.TestMethodWorker.run(TestMethodWorker.java:109)
at org.testng.TestRunner.privateRun(TestRunner.java:648)
at org.testng.TestRunner.run(TestRunner.java:505)
at org.testng.SuiteRunner.runTest(SuiteRunner.java:455)
at org.testng.SuiteRunner.runSequentially(SuiteRunner.java:450)
at org.testng.SuiteRunner.privateRun(SuiteRunner.java:415)
at org.testng.SuiteRunner.run(SuiteRunner.java:364)
at org.testng.SuiteRunnerWorker.runSuite(SuiteRunnerWorker.java:52)
at org.testng.SuiteRunnerWorker.run(SuiteRunnerWorker.java:84)
at org.testng.TestNG.runSuitesSequentially(TestNG.java:1208)
at org.testng.TestNG.runSuitesLocally(TestNG.java:1137)
at org.testng.TestNG.runSuites(TestNG.java:1049)
at org.testng.TestNG.run(TestNG.java:1017)
at org.testng.remote.AbstractRemoteTestNG.run(AbstractRemoteTestNG.java:115)
at org.testng.remote.RemoteTestNG.initAndRun(RemoteTestNG.java:251)
at org.testng.remote.RemoteTestNG.main(RemoteTestNG.java:77)
]]>
            </full-stacktrace>
          </exception> <!-- java.lang.AssertionError -->
          <reporter-output>
          </reporter-output>
        </test-method> <!-- validateLoginPageTitle -->
        <test-method is-config="true" signature="teardown()[pri:0, instance:com.test.LoginPageTest@49ede9c7]" started-at="2022-04-14T08:39:03Z" name="teardown" finished-at="2022-04-14T08:39:04Z" duration-ms="736" status="PASS">
          <reporter-output>
          </reporter-output>
        </test-method> <!-- teardown -->
        <test-method is-config="true" signature="setup()[pri:0, instance:com.test.LoginPageTest@49ede9c7]" started-at="2022-04-14T08:40:11Z" name="setup" finished-at="2022-04-14T08:40:20Z" duration-ms="8163" status="PASS">
          <reporter-output>
          </reporter-output>
        </test-method> <!-- setup -->
        <test-method signature="validateUserLogin()[pri:2, instance:com.test.LoginPageTest@49ede9c7]" started-at="2022-04-14T08:40:20Z" name="validateUserLogin" finished-at="2022-04-14T08:40:28Z" duration-ms="8504" status="PASS">
          <reporter-output>
          </reporter-output>
        </test-method> <!-- validateUserLogin -->
        <test-method is-config="true" signature="teardown()[pri:0, instance:com.test.LoginPageTest@49ede9c7]" started-at="2022-04-14T08:40:28Z" name="teardown" finished-at="2022-04-14T08:40:29Z" duration-ms="848" status="PASS">
          <reporter-output>
          </reporter-output>
        </test-method> <!-- teardown -->
      </class> <!-- com.test.LoginPageTest -->
    </test> <!-- Application Page Functionalities -->
  </suite> <!-- CRMPRO Application -->
</testng-results>
