<?xml version="1.0" encoding="UTF-8"?>
<!-- Generated by org.testng.reporters.JUnitXMLReporter -->
<testsuite ignored="0" hostname="DESKTOP-PA5U02U" failures="0" tests="8" name="Application login" time="139.944" errors="0" timestamp="15 Jan 2022 05:26:34 GMT">
  <testcase classname="com.test.LoginPageTest" name="validateUserInLoginPageOfCRMApplication" time="0.436"/>
  <testcase classname="com.test.HomePageTest" name="validateHomePage" time="1.879"/>
  <testcase classname="com.test.ContactsPageTest" name="validateUserOnContactsPage" time="0.101"/>
  <testcase classname="com.test.LoginPageTest" name="validateLoginPageTitle" time="0.018"/>
  <testcase classname="com.test.HomePageTest" name="validateClickingOnContactsLink" time="2.383"/>
  <testcase classname="com.test.ContactsPageTest" name="validateUserIsAbleToCreateANewContact" time="6.493"/>
  <testcase classname="com.test.ContactsPageTest" name="validateUserIsAbleToCreateANewContact" time="6.107"/>
  <testcase classname="com.test.LoginPageTest" name="validateUserLogin" time="6.683"/>
</testsuite> <!-- Application login -->
